[433f86e6-48d9-46b7-a7b3-aa4cacd2808b] PACKER 2025/11/05 15:23:50 [INFO] Packer version: 1.14.0 [go1.23.2 linux amd64]
[433f86e6-48d9-46b7-a7b3-aa4cacd2808b] PACKER 2025/11/05 15:23:50 [INFO] PACKER_CONFIG env var not set; checking the default config file path
[433f86e6-48d9-46b7-a7b3-aa4cacd2808b] PACKER 2025/11/05 15:23:50 [INFO] PACKER_CONFIG env var set; attempting to open config file: /root/.packerconfig
[433f86e6-48d9-46b7-a7b3-aa4cacd2808b] PACKER 2025/11/05 15:23:50 [WARN] Config file doesn't exist: /root/.packerconfig
[433f86e6-48d9-46b7-a7b3-aa4cacd2808b] PACKER 2025/11/05 15:23:50 [INFO] Setting cache directory: /root/.cache/packer
[433f86e6-48d9-46b7-a7b3-aa4cacd2808b] PACKER e: Running in background, not using a TTY
[433f86e6-48d9-46b7-a7b3-aa4cacd2808b] PACKER 2025/11/05 15:23:50 [TRACE] listing potential installations for <nil> that match "". plugingetter.ListInstallationsOptions{PluginDirectory:"/root/.config/packer/plugins", BinaryInstallationOptions:plugingetter.BinaryInstallationOptions{APIVersionMajor:"5", APIVersionMinor:"0", OS:"linux", ARCH:"amd64", Ext:"", Checksummers:[]plugingetter.Checksummer{plugingetter.Checksummer{Type:"sha256", Hash:(*sha256.digest)(0xc000145000)}}, ReleasesOnly:false}}
[433f86e6-48d9-46b7-a7b3-aa4cacd2808b] PACKER 2025/11/05 15:23:50 [INFO] found external [arm chroot dtl] builders from azure plugin
[433f86e6-48d9-46b7-a7b3-aa4cacd2808b] PACKER 2025/11/05 15:23:50 found external [dtlartifact] provisioner from azure plugin
[433f86e6-48d9-46b7-a7b3-aa4cacd2808b] PACKER 2025/11/05 15:23:50 found external [keyvaultsecret] datasource from azure plugin
[433f86e6-48d9-46b7-a7b3-aa4cacd2808b] PACKER 2025/11/05 15:23:50 found external [-packer-default-plugin-name-] provisioner from windows-update plugin
[433f86e6-48d9-46b7-a7b3-aa4cacd2808b] PACKER 2025/11/05 15:23:50 [TRACE] Using protobuf for communication with plugins
[433f86e6-48d9-46b7-a7b3-aa4cacd2808b] PACKER 2025/11/05 15:23:50 [INFO] Starting external plugin /root/.config/packer/plugins/github.com/hashicorp/azure/packer-plugin-azure_v2.4.0_x5.0_linux_amd64 start builder --protobuf arm
[433f86e6-48d9-46b7-a7b3-aa4cacd2808b] PACKER 2025/11/05 15:23:50 Starting plugin: /root/.config/packer/plugins/github.com/hashicorp/azure/packer-plugin-azure_v2.4.0_x5.0_linux_amd64 []string{"/root/.config/packer/plugins/github.com/hashicorp/azure/packer-plugin-azure_v2.4.0_x5.0_linux_amd64", "start", "builder", "--protobuf", "arm"}
[433f86e6-48d9-46b7-a7b3-aa4cacd2808b] PACKER 2025/11/05 15:23:50 Waiting for RPC address for: /root/.config/packer/plugins/github.com/hashicorp/azure/packer-plugin-azure_v2.4.0_x5.0_linux_amd64
[433f86e6-48d9-46b7-a7b3-aa4cacd2808b] PACKER 2025/11/05 15:23:50 packer-plugin-azure_v2.4.0_x5.0_linux_amd64 plugin: 2025/11/05 15:23:50 Plugin address: unix /tmp/packer-plugin69870667
[433f86e6-48d9-46b7-a7b3-aa4cacd2808b] PACKER 2025/11/05 15:23:50 Received unix RPC address for /root/.config/packer/plugins/github.com/hashicorp/azure/packer-plugin-azure_v2.4.0_x5.0_linux_amd64: addr is /tmp/packer-plugin69870667
[433f86e6-48d9-46b7-a7b3-aa4cacd2808b] PACKER 2025/11/05 15:23:50 packer-plugin-azure_v2.4.0_x5.0_linux_amd64 plugin: 2025/11/05 15:23:50 Waiting for connection...
[433f86e6-48d9-46b7-a7b3-aa4cacd2808b] PACKER 2025/11/05 15:23:50 packer-plugin-azure_v2.4.0_x5.0_linux_amd64 plugin: 2025/11/05 15:23:50 Serving a plugin connection...
[433f86e6-48d9-46b7-a7b3-aa4cacd2808b] PACKER 2025/11/05 15:23:50 packer-plugin-azure_v2.4.0_x5.0_linux_amd64 plugin: 2025/11/05 15:23:50 [TRACE] starting builder arm
[433f86e6-48d9-46b7-a7b3-aa4cacd2808b] PACKER 2025/11/05 15:23:50 [INFO] Starting external plugin /aib/packerInput/packer execute --protobuf packer-provisioner-file
[433f86e6-48d9-46b7-a7b3-aa4cacd2808b] PACKER 2025/11/05 15:23:50 Starting plugin: /aib/packerInput/packer []string{"/aib/packerInput/packer", "execute", "--protobuf", "packer-provisioner-file"}
[433f86e6-48d9-46b7-a7b3-aa4cacd2808b] PACKER 2025/11/05 15:23:50 Waiting for RPC address for: /aib/packerInput/packer
[433f86e6-48d9-46b7-a7b3-aa4cacd2808b] PACKER 2025/11/05 15:23:50 packer-provisioner-file plugin: [INFO] Packer version: 1.14.0 [go1.23.2 linux amd64]
[433f86e6-48d9-46b7-a7b3-aa4cacd2808b] PACKER 2025/11/05 15:23:50 packer-provisioner-file plugin: [INFO] PACKER_CONFIG env var not set; checking the default config file path
[433f86e6-48d9-46b7-a7b3-aa4cacd2808b] PACKER 2025/11/05 15:23:50 packer-provisioner-file plugin: [INFO] PACKER_CONFIG env var set; attempting to open config file: /root/.packerconfig
[433f86e6-48d9-46b7-a7b3-aa4cacd2808b] PACKER 2025/11/05 15:23:50 packer-provisioner-file plugin: [WARN] Config file doesn't exist: /root/.packerconfig
[433f86e6-48d9-46b7-a7b3-aa4cacd2808b] PACKER 2025/11/05 15:23:50 packer-provisioner-file plugin: [INFO] Setting cache directory: /root/.cache/packer
[433f86e6-48d9-46b7-a7b3-aa4cacd2808b] PACKER 2025/11/05 15:23:50 packer-provisioner-file plugin: Plugin address: unix /tmp/packer-plugin168733634
[433f86e6-48d9-46b7-a7b3-aa4cacd2808b] PACKER 2025/11/05 15:23:50 packer-provisioner-file plugin: Waiting for connection...
[433f86e6-48d9-46b7-a7b3-aa4cacd2808b] PACKER 2025/11/05 15:23:50 Received unix RPC address for /aib/packerInput/packer: addr is /tmp/packer-plugin168733634
[433f86e6-48d9-46b7-a7b3-aa4cacd2808b] PACKER 2025/11/05 15:23:50 packer-provisioner-file plugin: Serving a plugin connection...
[433f86e6-48d9-46b7-a7b3-aa4cacd2808b] PACKER 2025/11/05 15:23:50 [INFO] Starting external plugin /aib/packerInput/packer execute --protobuf packer-provisioner-powershell
[433f86e6-48d9-46b7-a7b3-aa4cacd2808b] PACKER 2025/11/05 15:23:50 Starting plugin: /aib/packerInput/packer []string{"/aib/packerInput/packer", "execute", "--protobuf", "packer-provisioner-powershell"}
[433f86e6-48d9-46b7-a7b3-aa4cacd2808b] PACKER 2025/11/05 15:23:50 Waiting for RPC address for: /aib/packerInput/packer
[433f86e6-48d9-46b7-a7b3-aa4cacd2808b] PACKER 2025/11/05 15:23:50 packer-provisioner-powershell plugin: [INFO] Packer version: 1.14.0 [go1.23.2 linux amd64]
[433f86e6-48d9-46b7-a7b3-aa4cacd2808b] PACKER 2025/11/05 15:23:50 packer-provisioner-powershell plugin: [INFO] PACKER_CONFIG env var not set; checking the default config file path
[433f86e6-48d9-46b7-a7b3-aa4cacd2808b] PACKER 2025/11/05 15:23:50 packer-provisioner-powershell plugin: [INFO] PACKER_CONFIG env var set; attempting to open config file: /root/.packerconfig
[433f86e6-48d9-46b7-a7b3-aa4cacd2808b] PACKER 2025/11/05 15:23:50 packer-provisioner-powershell plugin: [WARN] Config file doesn't exist: /root/.packerconfig
[433f86e6-48d9-46b7-a7b3-aa4cacd2808b] PACKER 2025/11/05 15:23:50 packer-provisioner-powershell plugin: [INFO] Setting cache directory: /root/.cache/packer
[433f86e6-48d9-46b7-a7b3-aa4cacd2808b] PACKER 2025/11/05 15:23:50 packer-provisioner-powershell plugin: Plugin address: unix /tmp/packer-plugin4151982446
[433f86e6-48d9-46b7-a7b3-aa4cacd2808b] PACKER 2025/11/05 15:23:50 packer-provisioner-powershell plugin: Waiting for connection...
[433f86e6-48d9-46b7-a7b3-aa4cacd2808b] PACKER 2025/11/05 15:23:50 Received unix RPC address for /aib/packerInput/packer: addr is /tmp/packer-plugin4151982446
[433f86e6-48d9-46b7-a7b3-aa4cacd2808b] PACKER 2025/11/05 15:23:50 packer-provisioner-powershell plugin: Serving a plugin connection...
[433f86e6-48d9-46b7-a7b3-aa4cacd2808b] PACKER 2025/11/05 15:23:50 [INFO] Starting external plugin /aib/packerInput/packer execute --protobuf packer-provisioner-powershell
[433f86e6-48d9-46b7-a7b3-aa4cacd2808b] PACKER 2025/11/05 15:23:50 Starting plugin: /aib/packerInput/packer []string{"/aib/packerInput/packer", "execute", "--protobuf", "packer-provisioner-powershell"}
[433f86e6-48d9-46b7-a7b3-aa4cacd2808b] PACKER 2025/11/05 15:23:50 Waiting for RPC address for: /aib/packerInput/packer
[433f86e6-48d9-46b7-a7b3-aa4cacd2808b] PACKER 2025/11/05 15:23:50 packer-provisioner-powershell plugin: [INFO] Packer version: 1.14.0 [go1.23.2 linux amd64]
[433f86e6-48d9-46b7-a7b3-aa4cacd2808b] PACKER 2025/11/05 15:23:50 packer-provisioner-powershell plugin: [INFO] PACKER_CONFIG env var not set; checking the default config file path
[433f86e6-48d9-46b7-a7b3-aa4cacd2808b] PACKER 2025/11/05 15:23:50 packer-provisioner-powershell plugin: [INFO] PACKER_CONFIG env var set; attempting to open config file: /root/.packerconfig
[433f86e6-48d9-46b7-a7b3-aa4cacd2808b] PACKER 2025/11/05 15:23:50 packer-provisioner-powershell plugin: [WARN] Config file doesn't exist: /root/.packerconfig
[433f86e6-48d9-46b7-a7b3-aa4cacd2808b] PACKER 2025/11/05 15:23:50 packer-provisioner-powershell plugin: [INFO] Setting cache directory: /root/.cache/packer
[433f86e6-48d9-46b7-a7b3-aa4cacd2808b] PACKER 2025/11/05 15:23:50 Received unix RPC address for /aib/packerInput/packer: addr is /tmp/packer-plugin1267271830
[433f86e6-48d9-46b7-a7b3-aa4cacd2808b] PACKER 2025/11/05 15:23:50 packer-provisioner-powershell plugin: Plugin address: unix /tmp/packer-plugin1267271830
[433f86e6-48d9-46b7-a7b3-aa4cacd2808b] PACKER 2025/11/05 15:23:50 packer-provisioner-powershell plugin: Waiting for connection...
[433f86e6-48d9-46b7-a7b3-aa4cacd2808b] PACKER 2025/11/05 15:23:50 packer-provisioner-powershell plugin: Serving a plugin connection...
[433f86e6-48d9-46b7-a7b3-aa4cacd2808b] PACKER 2025/11/05 15:23:50 [INFO] Starting external plugin /aib/packerInput/packer execute --protobuf packer-provisioner-powershell
[433f86e6-48d9-46b7-a7b3-aa4cacd2808b] PACKER 2025/11/05 15:23:50 Starting plugin: /aib/packerInput/packer []string{"/aib/packerInput/packer", "execute", "--protobuf", "packer-provisioner-powershell"}
[433f86e6-48d9-46b7-a7b3-aa4cacd2808b] PACKER 2025/11/05 15:23:50 Waiting for RPC address for: /aib/packerInput/packer
[433f86e6-48d9-46b7-a7b3-aa4cacd2808b] PACKER 2025/11/05 15:23:50 packer-provisioner-powershell plugin: [INFO] Packer version: 1.14.0 [go1.23.2 linux amd64]
[433f86e6-48d9-46b7-a7b3-aa4cacd2808b] PACKER 2025/11/05 15:23:50 packer-provisioner-powershell plugin: [INFO] PACKER_CONFIG env var not set; checking the default config file path
[433f86e6-48d9-46b7-a7b3-aa4cacd2808b] PACKER 2025/11/05 15:23:50 packer-provisioner-powershell plugin: [INFO] PACKER_CONFIG env var set; attempting to open config file: /root/.packerconfig
[433f86e6-48d9-46b7-a7b3-aa4cacd2808b] PACKER 2025/11/05 15:23:50 packer-provisioner-powershell plugin: [WARN] Config file doesn't exist: /root/.packerconfig
[433f86e6-48d9-46b7-a7b3-aa4cacd2808b] PACKER 2025/11/05 15:23:50 packer-provisioner-powershell plugin: [INFO] Setting cache directory: /root/.cache/packer
[433f86e6-48d9-46b7-a7b3-aa4cacd2808b] PACKER 2025/11/05 15:23:50 packer-provisioner-powershell plugin: Plugin address: unix /tmp/packer-plugin3485682976
[433f86e6-48d9-46b7-a7b3-aa4cacd2808b] PACKER 2025/11/05 15:23:50 Received unix RPC address for /aib/packerInput/packer: addr is /tmp/packer-plugin3485682976
[433f86e6-48d9-46b7-a7b3-aa4cacd2808b] PACKER 2025/11/05 15:23:50 packer-provisioner-powershell plugin: Waiting for connection...
[433f86e6-48d9-46b7-a7b3-aa4cacd2808b] PACKER 2025/11/05 15:23:50 packer-provisioner-powershell plugin: Serving a plugin connection...
[433f86e6-48d9-46b7-a7b3-aa4cacd2808b] PACKER 2025/11/05 15:23:50 [INFO] Starting external plugin /aib/packerInput/packer execute --protobuf packer-provisioner-powershell
[433f86e6-48d9-46b7-a7b3-aa4cacd2808b] PACKER 2025/11/05 15:23:50 Starting plugin: /aib/packerInput/packer []string{"/aib/packerInput/packer", "execute", "--protobuf", "packer-provisioner-powershell"}
[433f86e6-48d9-46b7-a7b3-aa4cacd2808b] PACKER 2025/11/05 15:23:50 Waiting for RPC address for: /aib/packerInput/packer
[433f86e6-48d9-46b7-a7b3-aa4cacd2808b] PACKER 2025/11/05 15:23:50 packer-provisioner-powershell plugin: [INFO] Packer version: 1.14.0 [go1.23.2 linux amd64]
[433f86e6-48d9-46b7-a7b3-aa4cacd2808b] PACKER 2025/11/05 15:23:50 packer-provisioner-powershell plugin: [INFO] PACKER_CONFIG env var not set; checking the default config file path
[433f86e6-48d9-46b7-a7b3-aa4cacd2808b] PACKER 2025/11/05 15:23:50 packer-provisioner-powershell plugin: [INFO] PACKER_CONFIG env var set; attempting to open config file: /root/.packerconfig
[433f86e6-48d9-46b7-a7b3-aa4cacd2808b] PACKER 2025/11/05 15:23:50 packer-provisioner-powershell plugin: [WARN] Config file doesn't exist: /root/.packerconfig
[433f86e6-48d9-46b7-a7b3-aa4cacd2808b] PACKER 2025/11/05 15:23:50 packer-provisioner-powershell plugin: [INFO] Setting cache directory: /root/.cache/packer
[433f86e6-48d9-46b7-a7b3-aa4cacd2808b] PACKER 2025/11/05 15:23:50 packer-provisioner-powershell plugin: Plugin address: unix /tmp/packer-plugin2617699212
[433f86e6-48d9-46b7-a7b3-aa4cacd2808b] PACKER 2025/11/05 15:23:50 packer-provisioner-powershell plugin: Waiting for connection...
[433f86e6-48d9-46b7-a7b3-aa4cacd2808b] PACKER 2025/11/05 15:23:50 Received unix RPC address for /aib/packerInput/packer: addr is /tmp/packer-plugin2617699212
[433f86e6-48d9-46b7-a7b3-aa4cacd2808b] PACKER 2025/11/05 15:23:50 packer-provisioner-powershell plugin: Serving a plugin connection...
[433f86e6-48d9-46b7-a7b3-aa4cacd2808b] PACKER 2025/11/05 15:23:50 Preparing build: azure-arm
[433f86e6-48d9-46b7-a7b3-aa4cacd2808b] PACKER 2025/11/05 15:23:50 packer-plugin-azure_v2.4.0_x5.0_linux_amd64 plugin: 2025/11/05 15:23:50 Error looking up environment using metadata host: retrieving metadata from endpoint "management.azure.com": performing request: Get "management.azure.com/metadata/endpoints?[REDACTED]": unsupported protocol scheme "".
[433f86e6-48d9-46b7-a7b3-aa4cacd2808b] PACKER 2025/11/05 15:23:50 packer-plugin-azure_v2.4.0_x5.0_linux_amd64 plugin: Falling back to hardcoded mechanism...
[433f86e6-48d9-46b7-a7b3-aa4cacd2808b] PACKER 2025/11/05 15:23:50 packer-plugin-azure_v2.4.0_x5.0_linux_amd64 plugin: 2025/11/05 15:23:50 Error looking up environment using metadata host: retrieving metadata from endpoint "management.azure.com": performing request: Get "management.azure.com/metadata/endpoints?[REDACTED]": unsupported protocol scheme "".
[433f86e6-48d9-46b7-a7b3-aa4cacd2808b] PACKER 2025/11/05 15:23:50 packer-plugin-azure_v2.4.0_x5.0_linux_amd64 plugin: Falling back to hardcoded mechanism...
[433f86e6-48d9-46b7-a7b3-aa4cacd2808b] PACKER 2025/11/05 15:23:50 packer-provisioner-powershell plugin: Using script default execute command powershell -executionpolicy bypass "& { if (Test-Path variable:global:ProgressPreference){set-variable -name variable:global:ProgressPreference -value 'SilentlyContinue'};. {{.Vars}}; &'{{.Path}}'; exit $LastExitCode }"
[433f86e6-48d9-46b7-a7b3-aa4cacd2808b] PACKER 2025/11/05 15:23:50 packer-provisioner-powershell plugin: Using script default elevated execute command powershell -executionpolicy bypass "& { if (Test-Path variable:global:ProgressPreference){set-variable -name variable:global:ProgressPreference -value 'SilentlyContinue'};. {{.Vars}}; &'{{.Path}}'; exit $LastExitCode }"
[433f86e6-48d9-46b7-a7b3-aa4cacd2808b] PACKER 2025/11/05 15:23:50 packer-provisioner-powershell plugin: Using script default execute command powershell -executionpolicy bypass "& { if (Test-Path variable:global:ProgressPreference){set-variable -name variable:global:ProgressPreference -value 'SilentlyContinue'};. {{.Vars}}; &'{{.Path}}'; exit $LastExitCode }"
[433f86e6-48d9-46b7-a7b3-aa4cacd2808b] PACKER 2025/11/05 15:23:50 packer-provisioner-powershell plugin: Using script default elevated execute command powershell -executionpolicy bypass "& { if (Test-Path variable:global:ProgressPreference){set-variable -name variable:global:ProgressPreference -value 'SilentlyContinue'};. {{.Vars}}; &'{{.Path}}'; exit $LastExitCode }"
[433f86e6-48d9-46b7-a7b3-aa4cacd2808b] PACKER 2025/11/05 15:23:50 packer-provisioner-powershell plugin: Using script default execute command powershell -executionpolicy bypass "& { if (Test-Path variable:global:ProgressPreference){set-variable -name variable:global:ProgressPreference -value 'SilentlyContinue'};. {{.Vars}}; &'{{.Path}}'; exit $LastExitCode }"
[433f86e6-48d9-46b7-a7b3-aa4cacd2808b] PACKER 2025/11/05 15:23:50 packer-provisioner-powershell plugin: Using script default elevated execute command powershell -executionpolicy bypass "& { if (Test-Path variable:global:ProgressPreference){set-variable -name variable:global:ProgressPreference -value 'SilentlyContinue'};. {{.Vars}}; &'{{.Path}}'; exit $LastExitCode }"
[433f86e6-48d9-46b7-a7b3-aa4cacd2808b] PACKER 2025/11/05 15:23:50 packer-provisioner-powershell plugin: Using inline default execute command powershell -executionpolicy bypass -file {{.Path}}
[433f86e6-48d9-46b7-a7b3-aa4cacd2808b] PACKER 2025/11/05 15:23:50 packer-provisioner-powershell plugin: Using inline default elevated execute command powershell -executionpolicy bypass -file {{.Path}}
[433f86e6-48d9-46b7-a7b3-aa4cacd2808b] PACKER 2025/11/05 15:23:50 ui: azure-arm: output will be in this color.
[433f86e6-48d9-46b7-a7b3-aa4cacd2808b] PACKER 2025/11/05 15:23:50 ui: 
[433f86e6-48d9-46b7-a7b3-aa4cacd2808b] PACKER 2025/11/05 15:23:50 Build debug mode: false
[433f86e6-48d9-46b7-a7b3-aa4cacd2808b] PACKER 2025/11/05 15:23:50 Force build: false
[433f86e6-48d9-46b7-a7b3-aa4cacd2808b] PACKER 2025/11/05 15:23:50 On error: cleanup
[433f86e6-48d9-46b7-a7b3-aa4cacd2808b] PACKER 2025/11/05 15:23:50 Waiting on builds to complete...
[433f86e6-48d9-46b7-a7b3-aa4cacd2808b] PACKER 2025/11/05 15:23:50 Starting build run: azure-arm
[433f86e6-48d9-46b7-a7b3-aa4cacd2808b] PACKER 2025/11/05 15:23:50 Running builder: azure-arm
[433f86e6-48d9-46b7-a7b3-aa4cacd2808b] PACKER 2025/11/05 15:23:50 ui: ==> azure-arm: Running builder ...
[433f86e6-48d9-46b7-a7b3-aa4cacd2808b] PACKER 2025/11/05 15:23:50 packer-plugin-azure_v2.4.0_x5.0_linux_amd64 plugin: 2025/11/05 15:23:50 :: Configuration
[433f86e6-48d9-46b7-a7b3-aa4cacd2808b] PACKER 2025/11/05 15:23:50 packer-plugin-azure_v2.4.0_x5.0_linux_amd64 plugin: 2025/11/05 15:23:50 CaptureNamePrefix=
[433f86e6-48d9-46b7-a7b3-aa4cacd2808b] PACKER 2025/11/05 15:23:50 packer-plugin-azure_v2.4.0_x5.0_linux_amd64 plugin: 2025/11/05 15:23:50 CaptureContainerName=
[433f86e6-48d9-46b7-a7b3-aa4cacd2808b] PACKER 2025/11/05 15:23:50 packer-plugin-azure_v2.4.0_x5.0_linux_amd64 plugin: 2025/11/05 15:23:50 SharedGalleryImageVersionEndOfLifeDate=
[433f86e6-48d9-46b7-a7b3-aa4cacd2808b] PACKER 2025/11/05 15:23:50 packer-plugin-azure_v2.4.0_x5.0_linux_amd64 plugin: 2025/11/05 15:23:50 ImagePublisher=
[433f86e6-48d9-46b7-a7b3-aa4cacd2808b] PACKER 2025/11/05 15:23:50 packer-plugin-azure_v2.4.0_x5.0_linux_amd64 plugin: 2025/11/05 15:23:50 ImageOffer=
[433f86e6-48d9-46b7-a7b3-aa4cacd2808b] PACKER 2025/11/05 15:23:50 packer-plugin-azure_v2.4.0_x5.0_linux_amd64 plugin: 2025/11/05 15:23:50 ImageSku=
[433f86e6-48d9-46b7-a7b3-aa4cacd2808b] PACKER 2025/11/05 15:23:50 packer-plugin-azure_v2.4.0_x5.0_linux_amd64 plugin: 2025/11/05 15:23:50 ImageVersion=
[433f86e6-48d9-46b7-a7b3-aa4cacd2808b] PACKER 2025/11/05 15:23:50 packer-plugin-azure_v2.4.0_x5.0_linux_amd64 plugin: 2025/11/05 15:23:50 ImageUrl=
[433f86e6-48d9-46b7-a7b3-aa4cacd2808b] PACKER 2025/11/05 15:23:50 packer-plugin-azure_v2.4.0_x5.0_linux_amd64 plugin: 2025/11/05 15:23:50 CustomManagedImageName=
[433f86e6-48d9-46b7-a7b3-aa4cacd2808b] PACKER 2025/11/05 15:23:50 packer-plugin-azure_v2.4.0_x5.0_linux_amd64 plugin: 2025/11/05 15:23:50 CustomManagedImageResourceGroupName=
[433f86e6-48d9-46b7-a7b3-aa4cacd2808b] PACKER 2025/11/05 15:23:50 packer-plugin-azure_v2.4.0_x5.0_linux_amd64 plugin: 2025/11/05 15:23:50 Location=
[433f86e6-48d9-46b7-a7b3-aa4cacd2808b] PACKER 2025/11/05 15:23:50 packer-plugin-azure_v2.4.0_x5.0_linux_amd64 plugin: 2025/11/05 15:23:50 VMSize=Standard_D4s_v4
[433f86e6-48d9-46b7-a7b3-aa4cacd2808b] PACKER 2025/11/05 15:23:50 packer-plugin-azure_v2.4.0_x5.0_linux_amd64 plugin: 2025/11/05 15:23:50 ManagedImageResourceGroupName=IT_AzureBackupRG_uksouth_1_AVD-GoldenImage-_e9726c06-7134-4d52-928a-6181b147107d
[433f86e6-48d9-46b7-a7b3-aa4cacd2808b] PACKER 2025/11/05 15:23:50 packer-plugin-azure_v2.4.0_x5.0_linux_amd64 plugin: 2025/11/05 15:23:50 ManagedImageName=packerImg_d98e196e5b264e9eaf652560a74fc9b1
[433f86e6-48d9-46b7-a7b3-aa4cacd2808b] PACKER 2025/11/05 15:23:50 packer-plugin-azure_v2.4.0_x5.0_linux_amd64 plugin: 2025/11/05 15:23:50 ManagedImageStorageAccountType=
[433f86e6-48d9-46b7-a7b3-aa4cacd2808b] PACKER 2025/11/05 15:23:50 packer-plugin-azure_v2.4.0_x5.0_linux_amd64 plugin: 2025/11/05 15:23:50 ManagedImageOSDiskSnapshotName=packerImg_d98e196e5b264e9eaf652560a74fc9b1_os_disk
[433f86e6-48d9-46b7-a7b3-aa4cacd2808b] PACKER 2025/11/05 15:23:50 packer-plugin-azure_v2.4.0_x5.0_linux_amd64 plugin: 2025/11/05 15:23:50 ManagedImageDataDiskSnapshotPrefix=
[433f86e6-48d9-46b7-a7b3-aa4cacd2808b] PACKER 2025/11/05 15:23:50 packer-plugin-azure_v2.4.0_x5.0_linux_amd64 plugin: 2025/11/05 15:23:50 ResourceGroupName=
[433f86e6-48d9-46b7-a7b3-aa4cacd2808b] PACKER 2025/11/05 15:23:50 packer-plugin-azure_v2.4.0_x5.0_linux_amd64 plugin: 2025/11/05 15:23:50 StorageAccount=
[433f86e6-48d9-46b7-a7b3-aa4cacd2808b] PACKER 2025/11/05 15:23:50 packer-plugin-azure_v2.4.0_x5.0_linux_amd64 plugin: 2025/11/05 15:23:50 TempComputeName=
[433f86e6-48d9-46b7-a7b3-aa4cacd2808b] PACKER 2025/11/05 15:23:50 packer-plugin-azure_v2.4.0_x5.0_linux_amd64 plugin: 2025/11/05 15:23:50 TempNicName=
[433f86e6-48d9-46b7-a7b3-aa4cacd2808b] PACKER 2025/11/05 15:23:50 packer-plugin-azure_v2.4.0_x5.0_linux_amd64 plugin: 2025/11/05 15:23:50 TempResourceGroupName=
[433f86e6-48d9-46b7-a7b3-aa4cacd2808b] PACKER 2025/11/05 15:23:50 packer-plugin-azure_v2.4.0_x5.0_linux_amd64 plugin: 2025/11/05 15:23:50 BuildResourceGroupName=IT_AzureBackupRG_uksouth_1_AVD-GoldenImage-_e9726c06-7134-4d52-928a-6181b147107d
[433f86e6-48d9-46b7-a7b3-aa4cacd2808b] PACKER 2025/11/05 15:23:50 packer-plugin-azure_v2.4.0_x5.0_linux_amd64 plugin: 2025/11/05 15:23:50 BuildKeyVaultName=
[433f86e6-48d9-46b7-a7b3-aa4cacd2808b] PACKER 2025/11/05 15:23:50 packer-plugin-azure_v2.4.0_x5.0_linux_amd64 plugin: 2025/11/05 15:23:50 BuildKeyVaultSecretName=********************
[433f86e6-48d9-46b7-a7b3-aa4cacd2808b] PACKER 2025/11/05 15:23:50 packer-plugin-azure_v2.4.0_x5.0_linux_amd64 plugin: 2025/11/05 15:23:50 BuildKeyVaultSKU=standard
[433f86e6-48d9-46b7-a7b3-aa4cacd2808b] PACKER 2025/11/05 15:23:50 packer-plugin-azure_v2.4.0_x5.0_linux_amd64 plugin: 2025/11/05 15:23:50 DiskEncryptionSetId=
[433f86e6-48d9-46b7-a7b3-aa4cacd2808b] PACKER 2025/11/05 15:23:50 packer-plugin-azure_v2.4.0_x5.0_linux_amd64 plugin: 2025/11/05 15:23:50 VirtualNetworkName=aibvneticsiw
[433f86e6-48d9-46b7-a7b3-aa4cacd2808b] PACKER 2025/11/05 15:23:50 packer-plugin-azure_v2.4.0_x5.0_linux_amd64 plugin: 2025/11/05 15:23:50 VirtualNetworkSubnetName=remotesubnet
[433f86e6-48d9-46b7-a7b3-aa4cacd2808b] PACKER 2025/11/05 15:23:50 packer-plugin-azure_v2.4.0_x5.0_linux_amd64 plugin: 2025/11/05 15:23:50 VirtualNetworkResourceGroupName=IT_AzureBackupRG_uksouth_1_AVD-GoldenImage-_e9726c06-7134-4d52-928a-6181b147107d
[433f86e6-48d9-46b7-a7b3-aa4cacd2808b] PACKER 2025/11/05 15:23:50 packer-plugin-azure_v2.4.0_x5.0_linux_amd64 plugin: 2025/11/05 15:23:50 CustomDataFile=
[433f86e6-48d9-46b7-a7b3-aa4cacd2808b] PACKER 2025/11/05 15:23:50 packer-plugin-azure_v2.4.0_x5.0_linux_amd64 plugin: 2025/11/05 15:23:50 CustomData=
[433f86e6-48d9-46b7-a7b3-aa4cacd2808b] PACKER 2025/11/05 15:23:50 packer-plugin-azure_v2.4.0_x5.0_linux_amd64 plugin: 2025/11/05 15:23:50 UserDataFile=
[433f86e6-48d9-46b7-a7b3-aa4cacd2808b] PACKER 2025/11/05 15:23:50 packer-plugin-azure_v2.4.0_x5.0_linux_amd64 plugin: 2025/11/05 15:23:50 UserData=
[433f86e6-48d9-46b7-a7b3-aa4cacd2808b] PACKER 2025/11/05 15:23:50 packer-plugin-azure_v2.4.0_x5.0_linux_amd64 plugin: 2025/11/05 15:23:50 CustomScript=
[433f86e6-48d9-46b7-a7b3-aa4cacd2808b] PACKER 2025/11/05 15:23:50 packer-plugin-azure_v2.4.0_x5.0_linux_amd64 plugin: 2025/11/05 15:23:50 OSType=Windows
[433f86e6-48d9-46b7-a7b3-aa4cacd2808b] PACKER 2025/11/05 15:23:50 packer-plugin-azure_v2.4.0_x5.0_linux_amd64 plugin: 2025/11/05 15:23:50 TempOSDiskName=
[433f86e6-48d9-46b7-a7b3-aa4cacd2808b] PACKER 2025/11/05 15:23:50 packer-plugin-azure_v2.4.0_x5.0_linux_amd64 plugin: 2025/11/05 15:23:50 DiskCachingType=None
[433f86e6-48d9-46b7-a7b3-aa4cacd2808b] PACKER 2025/11/05 15:23:50 packer-plugin-azure_v2.4.0_x5.0_linux_amd64 plugin: 2025/11/05 15:23:50 BootDiagSTGAccount=
[433f86e6-48d9-46b7-a7b3-aa4cacd2808b] PACKER 2025/11/05 15:23:50 packer-plugin-azure_v2.4.0_x5.0_linux_amd64 plugin: 2025/11/05 15:23:50 CustomResourcePrefix=
[433f86e6-48d9-46b7-a7b3-aa4cacd2808b] PACKER 2025/11/05 15:23:50 packer-plugin-azure_v2.4.0_x5.0_linux_amd64 plugin: 2025/11/05 15:23:50 LicenseType=
[433f86e6-48d9-46b7-a7b3-aa4cacd2808b] PACKER 2025/11/05 15:23:50 packer-plugin-azure_v2.4.0_x5.0_linux_amd64 plugin: 2025/11/05 15:23:50 PublicIpSKU=
[433f86e6-48d9-46b7-a7b3-aa4cacd2808b] PACKER 2025/11/05 15:23:50 packer-plugin-azure_v2.4.0_x5.0_linux_amd64 plugin: 2025/11/05 15:23:50 SecurityType=
[433f86e6-48d9-46b7-a7b3-aa4cacd2808b] PACKER 2025/11/05 15:23:50 packer-plugin-azure_v2.4.0_x5.0_linux_amd64 plugin: 2025/11/05 15:23:50 SecurityEncryptionType=
[433f86e6-48d9-46b7-a7b3-aa4cacd2808b] PACKER 2025/11/05 15:23:50 packer-plugin-azure_v2.4.0_x5.0_linux_amd64 plugin: 2025/11/05 15:23:50 UserName=packer
[433f86e6-48d9-46b7-a7b3-aa4cacd2808b] PACKER 2025/11/05 15:23:50 packer-plugin-azure_v2.4.0_x5.0_linux_amd64 plugin: 2025/11/05 15:23:50 Password=********************************
[433f86e6-48d9-46b7-a7b3-aa4cacd2808b] PACKER 2025/11/05 15:23:50 ui: ==> azure-arm: Creating Azure Resource Manager (ARM) client ...
[433f86e6-48d9-46b7-a7b3-aa4cacd2808b] PACKER 2025/11/05 15:23:50 packer-plugin-azure_v2.4.0_x5.0_linux_amd64 plugin: 2025/11/05 15:23:50 [DEBUG] POST https://login.microsoftonline.com/2106f27c-fb2e-4787-b960-3dc6aac54826/oauth2/v2.0/token
[433f86e6-48d9-46b7-a7b3-aa4cacd2808b] PACKER 2025/11/05 15:23:50 ui: ==> azure-arm: ARM Client successfully created
[433f86e6-48d9-46b7-a7b3-aa4cacd2808b] PACKER 2025/11/05 15:23:50 packer-plugin-azure_v2.4.0_x5.0_linux_amd64 plugin: 2025/11/05 15:23:50 [DEBUG] GET https://management.azure.com/subscriptions/fb8c75fd-6b99-44d1-b127-06b4c3e4c816/resourceGroups/IT_AzureBackupRG_uksouth_1_AVD-GoldenImage-_e9726c06-7134-4d52-928a-6181b147107d?[REDACTED]
[433f86e6-48d9-46b7-a7b3-aa4cacd2808b] PACKER 2025/11/05 15:23:51 packer-plugin-azure_v2.4.0_x5.0_linux_amd64 plugin: 2025/11/05 15:23:51 [DEBUG] GET https://management.azure.com/subscriptions/fb8c75fd-6b99-44d1-b127-06b4c3e4c816/resourceGroups/IT_AzureBackupRG_uksouth_1_AVD-GoldenImage-_e9726c06-7134-4d52-928a-6181b147107d/providers/Microsoft.Compute/images/packerImg_d98e196e5b264e9eaf652560a74fc9b1?[REDACTED]
[433f86e6-48d9-46b7-a7b3-aa4cacd2808b] PACKER 2025/11/05 15:23:51 packer-plugin-azure_v2.4.0_x5.0_linux_amd64 plugin: 2025/11/05 15:23:51 [DEBUG] GET https://management.azure.com/subscriptions/fb8c75fd-6b99-44d1-b127-06b4c3e4c816/resourceGroups/IT_AzureBackupRG_uksouth_1_AVD-GoldenImage-_e9726c06-7134-4d52-928a-6181b147107d/providers/Microsoft.Compute/snapshots/packerImg_d98e196e5b264e9eaf652560a74fc9b1_os_disk?[REDACTED]
[433f86e6-48d9-46b7-a7b3-aa4cacd2808b] PACKER 2025/11/05 15:23:51 packer-plugin-azure_v2.4.0_x5.0_linux_amd64 plugin: 2025/11/05 15:23:51 [DEBUG] GET https://management.azure.com/subscriptions/fb8c75fd-6b99-44d1-b127-06b4c3e4c816/resourceGroups/IT_AzureBackupRG_uksouth_1_AVD-GoldenImage-_e9726c06-7134-4d52-928a-6181b147107d?[REDACTED]
[433f86e6-48d9-46b7-a7b3-aa4cacd2808b] PACKER 2025/11/05 15:23:51 packer-plugin-azure_v2.4.0_x5.0_linux_amd64 plugin: 2025/11/05 15:23:51 [DEBUG] GET https://management.azure.com/subscriptions/fb8c75fd-6b99-44d1-b127-06b4c3e4c816/resourceGroups/rg-avd-cit-infrastructure/providers/Microsoft.Compute/galleries/gal_avd_images/images/avd_session_host?[REDACTED]
[433f86e6-48d9-46b7-a7b3-aa4cacd2808b] PACKER 2025/11/05 15:23:51 ui: ==> azure-arm: Getting source image id for the deployment ...
[433f86e6-48d9-46b7-a7b3-aa4cacd2808b] PACKER 2025/11/05 15:23:51 packer-plugin-azure_v2.4.0_x5.0_linux_amd64 plugin: 2025/11/05 15:23:51 [DEBUG] GET https://management.azure.com/subscriptions/fb8c75fd-6b99-44d1-b127-06b4c3e4c816/resourceGroups/rg-avd-cit-infrastructure/providers/Microsoft.Compute/galleries/gal_avd_images/images/avd_session_host/versions/0.0.1?[REDACTED]
[433f86e6-48d9-46b7-a7b3-aa4cacd2808b] PACKER 2025/11/05 15:23:51 ui: ==> azure-arm:  -> SourceImageName: '/subscriptions/fb8c75fd-6b99-44d1-b127-06b4c3e4c816/resourceGroups/rg-avd-cit-infrastructure/providers/Microsoft.Compute/galleries/gal_avd_images/images/avd_session_host/versions/0.0.1'
[433f86e6-48d9-46b7-a7b3-aa4cacd2808b] PACKER 2025/11/05 15:23:51 packer-plugin-azure_v2.4.0_x5.0_linux_amd64 plugin: 2025/11/05 15:23:51 [DEBUG] GET https://management.azure.com/subscriptions/fb8c75fd-6b99-44d1-b127-06b4c3e4c816/resourceGroups/IT_AzureBackupRG_uksouth_1_AVD-GoldenImage-_e9726c06-7134-4d52-928a-6181b147107d?[REDACTED]
[433f86e6-48d9-46b7-a7b3-aa4cacd2808b] PACKER 2025/11/05 15:23:51 ui: ==> azure-arm: Using existing resource group ...
[433f86e6-48d9-46b7-a7b3-aa4cacd2808b] PACKER 2025/11/05 15:23:51 ui: ==> azure-arm:  -> ResourceGroupName : 'IT_AzureBackupRG_uksouth_1_AVD-GoldenImage-_e9726c06-7134-4d52-928a-6181b147107d'
[433f86e6-48d9-46b7-a7b3-aa4cacd2808b] PACKER 2025/11/05 15:23:51 ui: ==> azure-arm:  -> Location          : 'uksouth'
[433f86e6-48d9-46b7-a7b3-aa4cacd2808b] PACKER 2025/11/05 15:23:51 ui: ==> azure-arm: Validating deployment template ...
[433f86e6-48d9-46b7-a7b3-aa4cacd2808b] PACKER 2025/11/05 15:23:51 ui: ==> azure-arm:  -> ResourceGroupName : 'IT_AzureBackupRG_uksouth_1_AVD-GoldenImage-_e9726c06-7134-4d52-928a-6181b147107d'
[433f86e6-48d9-46b7-a7b3-aa4cacd2808b] PACKER 2025/11/05 15:23:51 ui: ==> azure-arm:  -> DeploymentName    : 'kvpkrdpxxgdhh3cg5'
[433f86e6-48d9-46b7-a7b3-aa4cacd2808b] PACKER 2025/11/05 15:23:51 packer-plugin-azure_v2.4.0_x5.0_linux_amd64 plugin: 2025/11/05 15:23:51 [DEBUG] POST https://management.azure.com/subscriptions/fb8c75fd-6b99-44d1-b127-06b4c3e4c816/resourceGroups/IT_AzureBackupRG_uksouth_1_AVD-GoldenImage-_e9726c06-7134-4d52-928a-6181b147107d/providers/Microsoft.Resources/deployments/kvpkrdpxxgdhh3cg5/validate?[REDACTED]
[433f86e6-48d9-46b7-a7b3-aa4cacd2808b] PACKER 2025/11/05 15:23:52 ui: ==> azure-arm: Deploying deployment template ...
[433f86e6-48d9-46b7-a7b3-aa4cacd2808b] PACKER 2025/11/05 15:23:52 ui: ==> azure-arm:  -> ResourceGroupName : 'IT_AzureBackupRG_uksouth_1_AVD-GoldenImage-_e9726c06-7134-4d52-928a-6181b147107d'
[433f86e6-48d9-46b7-a7b3-aa4cacd2808b] PACKER 2025/11/05 15:23:52 ui: ==> azure-arm:  -> DeploymentName    : 'kvpkrdpxxgdhh3cg5'
[433f86e6-48d9-46b7-a7b3-aa4cacd2808b] PACKER 2025/11/05 15:23:52 packer-plugin-azure_v2.4.0_x5.0_linux_amd64 plugin: 2025/11/05 15:23:52 [DEBUG] PUT https://management.azure.com/subscriptions/fb8c75fd-6b99-44d1-b127-06b4c3e4c816/resourceGroups/IT_AzureBackupRG_uksouth_1_AVD-GoldenImage-_e9726c06-7134-4d52-928a-6181b147107d/providers/Microsoft.Resources/deployments/kvpkrdpxxgdhh3cg5?[REDACTED]
[433f86e6-48d9-46b7-a7b3-aa4cacd2808b] PACKER 2025/11/05 15:24:04 packer-plugin-azure_v2.4.0_x5.0_linux_amd64 plugin: 2025/11/05 15:24:04 [DEBUG] GET https://management.azure.com/subscriptions/fb8c75fd-6b99-44d1-b127-06b4c3e4c816/resourcegroups/IT_AzureBackupRG_uksouth_1_AVD-GoldenImage-_e9726c06-7134-4d52-928a-6181b147107d/providers/Microsoft.Resources/deployments/kvpkrdpxxgdhh3cg5/operationStatuses/08584392506522943285?[REDACTED]
[433f86e6-48d9-46b7-a7b3-aa4cacd2808b] PACKER 2025/11/05 15:24:14 packer-plugin-azure_v2.4.0_x5.0_linux_amd64 plugin: 2025/11/05 15:24:14 [DEBUG] GET https://management.azure.com/subscriptions/fb8c75fd-6b99-44d1-b127-06b4c3e4c816/resourcegroups/IT_AzureBackupRG_uksouth_1_AVD-GoldenImage-_e9726c06-7134-4d52-928a-6181b147107d/providers/Microsoft.Resources/deployments/kvpkrdpxxgdhh3cg5/operationStatuses/08584392506522943285?[REDACTED]
[433f86e6-48d9-46b7-a7b3-aa4cacd2808b] PACKER 2025/11/05 15:24:24 packer-plugin-azure_v2.4.0_x5.0_linux_amd64 plugin: 2025/11/05 15:24:24 [DEBUG] GET https://management.azure.com/subscriptions/fb8c75fd-6b99-44d1-b127-06b4c3e4c816/resourcegroups/IT_AzureBackupRG_uksouth_1_AVD-GoldenImage-_e9726c06-7134-4d52-928a-6181b147107d/providers/Microsoft.Resources/deployments/kvpkrdpxxgdhh3cg5/operationStatuses/08584392506522943285?[REDACTED]
[433f86e6-48d9-46b7-a7b3-aa4cacd2808b] PACKER 2025/11/05 15:24:24 ui: ==> azure-arm: Getting the certificate's URL ...
[433f86e6-48d9-46b7-a7b3-aa4cacd2808b] PACKER 2025/11/05 15:24:24 ui: ==> azure-arm:  -> Key Vault Name        : 'pkrkvxxgdhh3cg5'
[433f86e6-48d9-46b7-a7b3-aa4cacd2808b] PACKER 2025/11/05 15:24:24 ui: ==> azure-arm:  -> Key Vault Secret Name : 'packerKeyVaultSecret'
[433f86e6-48d9-46b7-a7b3-aa4cacd2808b] PACKER 2025/11/05 15:24:24 packer-plugin-azure_v2.4.0_x5.0_linux_amd64 plugin: 2025/11/05 15:24:24 [DEBUG] GET https://management.azure.com/subscriptions/fb8c75fd-6b99-44d1-b127-06b4c3e4c816/resourceGroups/IT_AzureBackupRG_uksouth_1_AVD-GoldenImage-_e9726c06-7134-4d52-928a-6181b147107d/providers/Microsoft.KeyVault/vaults/pkrkvxxgdhh3cg5/secrets/packerKeyVaultSecret?[REDACTED]
[433f86e6-48d9-46b7-a7b3-aa4cacd2808b] PACKER 2025/11/05 15:24:24 ui: ==> azure-arm:  -> Certificate URL       : 'https://pkrkvxxgdhh3cg5.vault.azure.net/secrets/packerKeyVaultSecret/24bc4d7fac9948ad9b8d3f7b6d4dc492'
[433f86e6-48d9-46b7-a7b3-aa4cacd2808b] PACKER 2025/11/05 15:24:24 ui: ==> azure-arm: Setting the certificate's URL ...
[433f86e6-48d9-46b7-a7b3-aa4cacd2808b] PACKER 2025/11/05 15:24:24 ui: ==> azure-arm: Validating deployment template ...
[433f86e6-48d9-46b7-a7b3-aa4cacd2808b] PACKER 2025/11/05 15:24:24 ui: ==> azure-arm:  -> ResourceGroupName : 'IT_AzureBackupRG_uksouth_1_AVD-GoldenImage-_e9726c06-7134-4d52-928a-6181b147107d'
[433f86e6-48d9-46b7-a7b3-aa4cacd2808b] PACKER 2025/11/05 15:24:24 ui: ==> azure-arm:  -> DeploymentName    : 'pkrdpxxgdhh3cg5'
[433f86e6-48d9-46b7-a7b3-aa4cacd2808b] PACKER 2025/11/05 15:24:24 packer-plugin-azure_v2.4.0_x5.0_linux_amd64 plugin: 2025/11/05 15:24:24 [DEBUG] POST https://management.azure.com/subscriptions/fb8c75fd-6b99-44d1-b127-06b4c3e4c816/resourceGroups/IT_AzureBackupRG_uksouth_1_AVD-GoldenImage-_e9726c06-7134-4d52-928a-6181b147107d/providers/Microsoft.Resources/deployments/pkrdpxxgdhh3cg5/validate?[REDACTED]
[433f86e6-48d9-46b7-a7b3-aa4cacd2808b] PACKER 2025/11/05 15:24:25 ui: ==> azure-arm: Deploying deployment template ...
[433f86e6-48d9-46b7-a7b3-aa4cacd2808b] PACKER 2025/11/05 15:24:25 ui: ==> azure-arm:  -> ResourceGroupName : 'IT_AzureBackupRG_uksouth_1_AVD-GoldenImage-_e9726c06-7134-4d52-928a-6181b147107d'
[433f86e6-48d9-46b7-a7b3-aa4cacd2808b] PACKER 2025/11/05 15:24:25 ui: ==> azure-arm:  -> DeploymentName    : 'pkrdpxxgdhh3cg5'
[433f86e6-48d9-46b7-a7b3-aa4cacd2808b] PACKER 2025/11/05 15:24:25 packer-plugin-azure_v2.4.0_x5.0_linux_amd64 plugin: 2025/11/05 15:24:25 [DEBUG] PUT https://management.azure.com/subscriptions/fb8c75fd-6b99-44d1-b127-06b4c3e4c816/resourceGroups/IT_AzureBackupRG_uksouth_1_AVD-GoldenImage-_e9726c06-7134-4d52-928a-6181b147107d/providers/Microsoft.Resources/deployments/pkrdpxxgdhh3cg5?[REDACTED]
[433f86e6-48d9-46b7-a7b3-aa4cacd2808b] PACKER 2025/11/05 15:24:39 packer-plugin-azure_v2.4.0_x5.0_linux_amd64 plugin: 2025/11/05 15:24:39 [DEBUG] GET https://management.azure.com/subscriptions/fb8c75fd-6b99-44d1-b127-06b4c3e4c816/resourcegroups/IT_AzureBackupRG_uksouth_1_AVD-GoldenImage-_e9726c06-7134-4d52-928a-6181b147107d/providers/Microsoft.Resources/deployments/pkrdpxxgdhh3cg5/operationStatuses/08584392506195502771?[REDACTED]
[433f86e6-48d9-46b7-a7b3-aa4cacd2808b] PACKER 2025/11/05 15:24:49 packer-plugin-azure_v2.4.0_x5.0_linux_amd64 plugin: 2025/11/05 15:24:49 [DEBUG] GET https://management.azure.com/subscriptions/fb8c75fd-6b99-44d1-b127-06b4c3e4c816/resourcegroups/IT_AzureBackupRG_uksouth_1_AVD-GoldenImage-_e9726c06-7134-4d52-928a-6181b147107d/providers/Microsoft.Resources/deployments/pkrdpxxgdhh3cg5/operationStatuses/08584392506195502771?[REDACTED]
[433f86e6-48d9-46b7-a7b3-aa4cacd2808b] PACKER 2025/11/05 15:24:59 packer-plugin-azure_v2.4.0_x5.0_linux_amd64 plugin: 2025/11/05 15:24:59 [DEBUG] GET https://management.azure.com/subscriptions/fb8c75fd-6b99-44d1-b127-06b4c3e4c816/resourcegroups/IT_AzureBackupRG_uksouth_1_AVD-GoldenImage-_e9726c06-7134-4d52-928a-6181b147107d/providers/Microsoft.Resources/deployments/pkrdpxxgdhh3cg5/operationStatuses/08584392506195502771?[REDACTED]
[433f86e6-48d9-46b7-a7b3-aa4cacd2808b] PACKER 2025/11/05 15:25:09 packer-plugin-azure_v2.4.0_x5.0_linux_amd64 plugin: 2025/11/05 15:25:09 [DEBUG] GET https://management.azure.com/subscriptions/fb8c75fd-6b99-44d1-b127-06b4c3e4c816/resourcegroups/IT_AzureBackupRG_uksouth_1_AVD-GoldenImage-_e9726c06-7134-4d52-928a-6181b147107d/providers/Microsoft.Resources/deployments/pkrdpxxgdhh3cg5/operationStatuses/08584392506195502771?[REDACTED]
[433f86e6-48d9-46b7-a7b3-aa4cacd2808b] PACKER 2025/11/05 15:25:19 packer-plugin-azure_v2.4.0_x5.0_linux_amd64 plugin: 2025/11/05 15:25:19 [DEBUG] GET https://management.azure.com/subscriptions/fb8c75fd-6b99-44d1-b127-06b4c3e4c816/resourcegroups/IT_AzureBackupRG_uksouth_1_AVD-GoldenImage-_e9726c06-7134-4d52-928a-6181b147107d/providers/Microsoft.Resources/deployments/pkrdpxxgdhh3cg5/operationStatuses/08584392506195502771?[REDACTED]
[433f86e6-48d9-46b7-a7b3-aa4cacd2808b] PACKER 2025/11/05 15:25:29 packer-plugin-azure_v2.4.0_x5.0_linux_amd64 plugin: 2025/11/05 15:25:29 [DEBUG] GET https://management.azure.com/subscriptions/fb8c75fd-6b99-44d1-b127-06b4c3e4c816/resourcegroups/IT_AzureBackupRG_uksouth_1_AVD-GoldenImage-_e9726c06-7134-4d52-928a-6181b147107d/providers/Microsoft.Resources/deployments/pkrdpxxgdhh3cg5/operationStatuses/08584392506195502771?[REDACTED]
[433f86e6-48d9-46b7-a7b3-aa4cacd2808b] PACKER 2025/11/05 15:25:40 packer-plugin-azure_v2.4.0_x5.0_linux_amd64 plugin: 2025/11/05 15:25:40 [DEBUG] GET https://management.azure.com/subscriptions/fb8c75fd-6b99-44d1-b127-06b4c3e4c816/resourcegroups/IT_AzureBackupRG_uksouth_1_AVD-GoldenImage-_e9726c06-7134-4d52-928a-6181b147107d/providers/Microsoft.Resources/deployments/pkrdpxxgdhh3cg5/operationStatuses/08584392506195502771?[REDACTED]
[433f86e6-48d9-46b7-a7b3-aa4cacd2808b] PACKER 2025/11/05 15:25:50 packer-plugin-azure_v2.4.0_x5.0_linux_amd64 plugin: 2025/11/05 15:25:50 [DEBUG] GET https://management.azure.com/subscriptions/fb8c75fd-6b99-44d1-b127-06b4c3e4c816/resourcegroups/IT_AzureBackupRG_uksouth_1_AVD-GoldenImage-_e9726c06-7134-4d52-928a-6181b147107d/providers/Microsoft.Resources/deployments/pkrdpxxgdhh3cg5/operationStatuses/08584392506195502771?[REDACTED]
[433f86e6-48d9-46b7-a7b3-aa4cacd2808b] PACKER 2025/11/05 15:26:00 packer-plugin-azure_v2.4.0_x5.0_linux_amd64 plugin: 2025/11/05 15:26:00 [DEBUG] GET https://management.azure.com/subscriptions/fb8c75fd-6b99-44d1-b127-06b4c3e4c816/resourcegroups/IT_AzureBackupRG_uksouth_1_AVD-GoldenImage-_e9726c06-7134-4d52-928a-6181b147107d/providers/Microsoft.Resources/deployments/pkrdpxxgdhh3cg5/operationStatuses/08584392506195502771?[REDACTED]
[433f86e6-48d9-46b7-a7b3-aa4cacd2808b] PACKER 2025/11/05 15:26:10 packer-plugin-azure_v2.4.0_x5.0_linux_amd64 plugin: 2025/11/05 15:26:10 [DEBUG] GET https://management.azure.com/subscriptions/fb8c75fd-6b99-44d1-b127-06b4c3e4c816/resourcegroups/IT_AzureBackupRG_uksouth_1_AVD-GoldenImage-_e9726c06-7134-4d52-928a-6181b147107d/providers/Microsoft.Resources/deployments/pkrdpxxgdhh3cg5/operationStatuses/08584392506195502771?[REDACTED]
[433f86e6-48d9-46b7-a7b3-aa4cacd2808b] PACKER 2025/11/05 15:26:20 packer-plugin-azure_v2.4.0_x5.0_linux_amd64 plugin: 2025/11/05 15:26:20 [DEBUG] GET https://management.azure.com/subscriptions/fb8c75fd-6b99-44d1-b127-06b4c3e4c816/resourcegroups/IT_AzureBackupRG_uksouth_1_AVD-GoldenImage-_e9726c06-7134-4d52-928a-6181b147107d/providers/Microsoft.Resources/deployments/pkrdpxxgdhh3cg5/operationStatuses/08584392506195502771?[REDACTED]
[433f86e6-48d9-46b7-a7b3-aa4cacd2808b] PACKER 2025/11/05 15:26:30 packer-plugin-azure_v2.4.0_x5.0_linux_amd64 plugin: 2025/11/05 15:26:30 [DEBUG] GET https://management.azure.com/subscriptions/fb8c75fd-6b99-44d1-b127-06b4c3e4c816/resourcegroups/IT_AzureBackupRG_uksouth_1_AVD-GoldenImage-_e9726c06-7134-4d52-928a-6181b147107d/providers/Microsoft.Resources/deployments/pkrdpxxgdhh3cg5/operationStatuses/08584392506195502771?[REDACTED]
[433f86e6-48d9-46b7-a7b3-aa4cacd2808b] PACKER 2025/11/05 15:26:40 packer-plugin-azure_v2.4.0_x5.0_linux_amd64 plugin: 2025/11/05 15:26:40 [DEBUG] GET https://management.azure.com/subscriptions/fb8c75fd-6b99-44d1-b127-06b4c3e4c816/resourcegroups/IT_AzureBackupRG_uksouth_1_AVD-GoldenImage-_e9726c06-7134-4d52-928a-6181b147107d/providers/Microsoft.Resources/deployments/pkrdpxxgdhh3cg5/operationStatuses/08584392506195502771?[REDACTED]
[433f86e6-48d9-46b7-a7b3-aa4cacd2808b] PACKER 2025/11/05 15:26:50 packer-plugin-azure_v2.4.0_x5.0_linux_amd64 plugin: 2025/11/05 15:26:50 [DEBUG] GET https://management.azure.com/subscriptions/fb8c75fd-6b99-44d1-b127-06b4c3e4c816/resourcegroups/IT_AzureBackupRG_uksouth_1_AVD-GoldenImage-_e9726c06-7134-4d52-928a-6181b147107d/providers/Microsoft.Resources/deployments/pkrdpxxgdhh3cg5/operationStatuses/08584392506195502771?[REDACTED]
[433f86e6-48d9-46b7-a7b3-aa4cacd2808b] PACKER 2025/11/05 15:27:00 packer-plugin-azure_v2.4.0_x5.0_linux_amd64 plugin: 2025/11/05 15:27:00 [DEBUG] GET https://management.azure.com/subscriptions/fb8c75fd-6b99-44d1-b127-06b4c3e4c816/resourcegroups/IT_AzureBackupRG_uksouth_1_AVD-GoldenImage-_e9726c06-7134-4d52-928a-6181b147107d/providers/Microsoft.Resources/deployments/pkrdpxxgdhh3cg5/operationStatuses/08584392506195502771?[REDACTED]
[433f86e6-48d9-46b7-a7b3-aa4cacd2808b] PACKER 2025/11/05 15:27:11 packer-plugin-azure_v2.4.0_x5.0_linux_amd64 plugin: 2025/11/05 15:27:11 [DEBUG] GET https://management.azure.com/subscriptions/fb8c75fd-6b99-44d1-b127-06b4c3e4c816/resourcegroups/IT_AzureBackupRG_uksouth_1_AVD-GoldenImage-_e9726c06-7134-4d52-928a-6181b147107d/providers/Microsoft.Resources/deployments/pkrdpxxgdhh3cg5/operationStatuses/08584392506195502771?[REDACTED]
[433f86e6-48d9-46b7-a7b3-aa4cacd2808b] PACKER 2025/11/05 15:27:11 ui: ==> azure-arm: Getting the VM's IP address ...
[433f86e6-48d9-46b7-a7b3-aa4cacd2808b] PACKER 2025/11/05 15:27:11 ui: ==> azure-arm:  -> ResourceGroupName   : 'IT_AzureBackupRG_uksouth_1_AVD-GoldenImage-_e9726c06-7134-4d52-928a-6181b147107d'
[433f86e6-48d9-46b7-a7b3-aa4cacd2808b] PACKER 2025/11/05 15:27:11 ui: ==> azure-arm:  -> PublicIPAddressName : 'pkripxxgdhh3cg5'
[433f86e6-48d9-46b7-a7b3-aa4cacd2808b] PACKER 2025/11/05 15:27:11 ui: ==> azure-arm:  -> NicName             : 'pkrnixxgdhh3cg5'
[433f86e6-48d9-46b7-a7b3-aa4cacd2808b] PACKER 2025/11/05 15:27:11 ui: ==> azure-arm:  -> Network Connection  : 'PrivateEndpoint'
[433f86e6-48d9-46b7-a7b3-aa4cacd2808b] PACKER 2025/11/05 15:27:11 packer-plugin-azure_v2.4.0_x5.0_linux_amd64 plugin: 2025/11/05 15:27:11 [DEBUG] GET https://management.azure.com/subscriptions/fb8c75fd-6b99-44d1-b127-06b4c3e4c816/resourceGroups/IT_AzureBackupRG_uksouth_1_AVD-GoldenImage-_e9726c06-7134-4d52-928a-6181b147107d/providers/Microsoft.Network/networkInterfaces/pkrnixxgdhh3cg5?[REDACTED]
[433f86e6-48d9-46b7-a7b3-aa4cacd2808b] PACKER 2025/11/05 15:27:11 ui: ==> azure-arm:  -> IP Address          : '10.0.1.4'
[433f86e6-48d9-46b7-a7b3-aa4cacd2808b] PACKER 2025/11/05 15:27:11 packer-plugin-azure_v2.4.0_x5.0_linux_amd64 plugin: 2025/11/05 15:27:11 Waiting for WinRM, up to timeout: 30m0s
[433f86e6-48d9-46b7-a7b3-aa4cacd2808b] PACKER 2025/11/05 15:27:11 ui: ==> azure-arm: Waiting for WinRM to become available...
[433f86e6-48d9-46b7-a7b3-aa4cacd2808b] PACKER 2025/11/05 15:27:11 packer-plugin-azure_v2.4.0_x5.0_linux_amd64 plugin: 2025/11/05 15:27:11 [INFO] Attempting WinRM connection...
[433f86e6-48d9-46b7-a7b3-aa4cacd2808b] PACKER 2025/11/05 15:27:11 packer-plugin-azure_v2.4.0_x5.0_linux_amd64 plugin: 2025/11/05 15:27:11 [DEBUG] connecting to remote shell using WinRM
[433f86e6-48d9-46b7-a7b3-aa4cacd2808b] PACKER 2025/11/05 15:27:18 packer-plugin-azure_v2.4.0_x5.0_linux_amd64 plugin: 2025/11/05 15:27:18 Checking that WinRM is connected with: 'powershell.exe -EncodedCommand JABQAHIAbwBnAHIAZQBzAHMAUAByAGUAZgBlAHIAZQBuAGMAZQAgAD0AIAAnAFMAaQBsAGUAbgB0AGwAeQBDAG8AbgB0AGkAbgB1AGUAJwA7AGkAZgAgACgAVABlAHMAdAAtAFAAYQB0AGgAIAB2AGEAcgBpAGEAYgBsAGUAOgBnAGwAbwBiAGEAbAA6AFAAcgBvAGcAcgBlAHMAcwBQAHIAZQBmAGUAcgBlAG4AYwBlACkAewAkAFAAcgBvAGcAcgBlAHMAcwBQAHIAZQBmAGUAcgBlAG4AYwBlAD0AJwBTAGkAbABlAG4AdABsAHkAQwBvAG4AdABpAG4AdQBlACcAfQA7ACAAZQBjAGgAbwAgACIAVwBpAG4AUgBNACAAYwBvAG4AbgBlAGMAdABlAGQALgAiAA=='
[433f86e6-48d9-46b7-a7b3-aa4cacd2808b] PACKER 2025/11/05 15:27:19 packer-plugin-azure_v2.4.0_x5.0_linux_amd64 plugin: 2025/11/05 15:27:19 [INFO] starting remote command: powershell.exe -EncodedCommand JABQAHIAbwBnAHIAZQBzAHMAUAByAGUAZgBlAHIAZQBuAGMAZQAgAD0AIAAnAFMAaQBsAGUAbgB0AGwAeQBDAG8AbgB0AGkAbgB1AGUAJwA7AGkAZgAgACgAVABlAHMAdAAtAFAAYQB0AGgAIAB2AGEAcgBpAGEAYgBsAGUAOgBnAGwAbwBiAGEAbAA6AFAAcgBvAGcAcgBlAHMAcwBQAHIAZQBmAGUAcgBlAG4AYwBlACkAewAkAFAAcgBvAGcAcgBlAHMAcwBQAHIAZQBmAGUAcgBlAG4AYwBlAD0AJwBTAGkAbABlAG4AdABsAHkAQwBvAG4AdABpAG4AdQBlACcAfQA7ACAAZQBjAGgAbwAgACIAVwBpAG4AUgBNACAAYwBvAG4AbgBlAGMAdABlAGQALgAiAA==
[433f86e6-48d9-46b7-a7b3-aa4cacd2808b] PACKER 2025/11/05 15:27:22 packer-plugin-azure_v2.4.0_x5.0_linux_amd64 plugin: 2025/11/05 15:27:22 [INFO] command 'powershell.exe -EncodedCommand JABQAHIAbwBnAHIAZQBzAHMAUAByAGUAZgBlAHIAZQBuAGMAZQAgAD0AIAAnAFMAaQBsAGUAbgB0AGwAeQBDAG8AbgB0AGkAbgB1AGUAJwA7AGkAZgAgACgAVABlAHMAdAAtAFAAYQB0AGgAIAB2AGEAcgBpAGEAYgBsAGUAOgBnAGwAbwBiAGEAbAA6AFAAcgBvAGcAcgBlAHMAcwBQAHIAZQBmAGUAcgBlAG4AYwBlACkAewAkAFAAcgBvAGcAcgBlAHMAcwBQAHIAZQBmAGUAcgBlAG4AYwBlAD0AJwBTAGkAbABlAG4AdABsAHkAQwBvAG4AdABpAG4AdQBlACcAfQA7ACAAZQBjAGgAbwAgACIAVwBpAG4AUgBNACAAYwBvAG4AbgBlAGMAdABlAGQALgAiAA==' exited with code: 0
[433f86e6-48d9-46b7-a7b3-aa4cacd2808b] PACKER 2025/11/05 15:27:22 ui: ==> azure-arm: WinRM connected.
[433f86e6-48d9-46b7-a7b3-aa4cacd2808b] PACKER 2025/11/05 15:27:22 packer-plugin-azure_v2.4.0_x5.0_linux_amd64 plugin: 2025/11/05 15:27:22 Connected to machine
[433f86e6-48d9-46b7-a7b3-aa4cacd2808b] PACKER 2025/11/05 15:27:22 ui: ==> azure-arm: Connected to WinRM!
[433f86e6-48d9-46b7-a7b3-aa4cacd2808b] PACKER 2025/11/05 15:27:22 packer-plugin-azure_v2.4.0_x5.0_linux_amd64 plugin: 2025/11/05 15:27:22 Running the provision hook
[433f86e6-48d9-46b7-a7b3-aa4cacd2808b] PACKER 2025/11/05 15:27:22 ui: ==> azure-arm: Uploading /aib/packerInput/DeprovisioningScript.txt => c:\DeprovisioningScript.ps1
[433f86e6-48d9-46b7-a7b3-aa4cacd2808b] PACKER 2025/11/05 15:27:22 packer-plugin-azure_v2.4.0_x5.0_linux_amd64 plugin: 2025/11/05 15:27:22 Uploading file to 'c:\DeprovisioningScript.ps1'
[433f86e6-48d9-46b7-a7b3-aa4cacd2808b] PACKER 2025/11/05 15:27:22 packer-provisioner-file plugin: [INFO] 1288 bytes written for 'uploadData'
[433f86e6-48d9-46b7-a7b3-aa4cacd2808b] PACKER 2025/11/05 15:27:22 [INFO] 1288 bytes written for 'uploadData'
[433f86e6-48d9-46b7-a7b3-aa4cacd2808b] PACKER 2025/11/05 15:27:24 packer-provisioner-file plugin: closing
[433f86e6-48d9-46b7-a7b3-aa4cacd2808b] PACKER 2025/11/05 15:27:24 closing
[433f86e6-48d9-46b7-a7b3-aa4cacd2808b] PACKER 2025/11/05 15:27:24 packer-plugin-azure_v2.4.0_x5.0_linux_amd64 plugin: 2025/11/05 15:27:24 closing
[433f86e6-48d9-46b7-a7b3-aa4cacd2808b] PACKER 2025/11/05 15:27:24 ui: ==> azure-arm: Provisioning with Powershell...
[433f86e6-48d9-46b7-a7b3-aa4cacd2808b] PACKER 2025/11/05 15:27:24 ui: ==> azure-arm: Provisioning with powershell script: /aib/packerInput/script_0
[433f86e6-48d9-46b7-a7b3-aa4cacd2808b] PACKER 2025/11/05 15:27:24 packer-provisioner-powershell plugin: Opening /aib/packerInput/script_0 for reading
[433f86e6-48d9-46b7-a7b3-aa4cacd2808b] PACKER 2025/11/05 15:27:24 packer-provisioner-powershell plugin: Uploading env vars to c:/Windows/Temp/packer-ps-env-vars-690b6c06-74e7-b0fa-bc22-7bebacbf34b6.ps1
[433f86e6-48d9-46b7-a7b3-aa4cacd2808b] PACKER 2025/11/05 15:27:24 packer-provisioner-powershell plugin: [INFO] 74 bytes written for 'uploadData'
[433f86e6-48d9-46b7-a7b3-aa4cacd2808b] PACKER 2025/11/05 15:27:24 [INFO] 74 bytes written for 'uploadData'
[433f86e6-48d9-46b7-a7b3-aa4cacd2808b] PACKER 2025/11/05 15:27:24 packer-plugin-azure_v2.4.0_x5.0_linux_amd64 plugin: 2025/11/05 15:27:24 Uploading file to 'c:/Windows/Temp/packer-ps-env-vars-690b6c06-74e7-b0fa-bc22-7bebacbf34b6.ps1'
[433f86e6-48d9-46b7-a7b3-aa4cacd2808b] PACKER 2025/11/05 15:27:26 packer-provisioner-powershell plugin: Building elevated command wrapper for: powershell -executionpolicy bypass "& { if (Test-Path variable:global:ProgressPreference){set-variable -name variable:global:ProgressPreference -value 'SilentlyContinue'};. c:/Windows/Temp/packer-ps-env-vars-690b6c06-74e7-b0fa-bc22-7bebacbf34b6.ps1; &'c:/Windows/Temp/script-690b6c06-ba97-8f7c-b677-102f81f0a345.ps1'; exit $LastExitCode }"
[433f86e6-48d9-46b7-a7b3-aa4cacd2808b] PACKER 2025/11/05 15:27:26 packer-provisioner-powershell plugin: Command [powershell -executionpolicy bypass "& { if (Test-Path variable:global:ProgressPreference){set-variable -name variable:global:ProgressPreference -value 'SilentlyContinue'};. c:/Windows/Temp/packer-ps-env-vars-690b6c06-74e7-b0fa-bc22-7bebacbf34b6.ps1; &'c:/Windows/Temp/script-690b6c06-ba97-8f7c-b677-102f81f0a345.ps1'; exit $LastExitCode }" > %SYSTEMROOT%/Temp/packer-690b6cde-0003-00a0-65ed-31305ff16a98.out 2>&1] converted to [powershell -executionpolicy bypass &#34;&amp; { if (Test-Path variable:global:ProgressPreference){set-variable -name variable:global:ProgressPreference -value &#39;SilentlyContinue&#39;};. c:/Windows/Temp/packer-ps-env-vars-690b6c06-74e7-b0fa-bc22-7bebacbf34b6.ps1; &amp;&#39;c:/Windows/Temp/script-690b6c06-ba97-8f7c-b677-102f81f0a345.ps1&#39;; exit $LastExitCode }&#34; &gt; %SYSTEMROOT%/Temp/packer-690b6cde-0003-00a0-65ed-31305ff16a98.out 2&gt;&amp;1] for use in XML string
[433f86e6-48d9-46b7-a7b3-aa4cacd2808b] PACKER 2025/11/05 15:27:26 packer-provisioner-powershell plugin: Uploading elevated shell wrapper for command [powershell -executionpolicy bypass "& { if (Test-Path variable:global:ProgressPreference){set-variable -name variable:global:ProgressPreference -value 'SilentlyContinue'};. c:/Windows/Temp/packer-ps-env-vars-690b6c06-74e7-b0fa-bc22-7bebacbf34b6.ps1; &'c:/Windows/Temp/script-690b6c06-ba97-8f7c-b677-102f81f0a345.ps1'; exit $LastExitCode }" > %SYSTEMROOT%/Temp/packer-690b6cde-0003-00a0-65ed-31305ff16a98.out 2>&1] to [C:/Windows/Temp/packer-elevated-shell-690b6cde-5d5d-1721-b56c-0528f159040a.ps1]
[433f86e6-48d9-46b7-a7b3-aa4cacd2808b] PACKER 2025/11/05 15:27:26 packer-provisioner-powershell plugin: [INFO] 3490 bytes written for 'uploadData'
[433f86e6-48d9-46b7-a7b3-aa4cacd2808b] PACKER 2025/11/05 15:27:26 [INFO] 3490 bytes written for 'uploadData'
[433f86e6-48d9-46b7-a7b3-aa4cacd2808b] PACKER 2025/11/05 15:27:26 packer-plugin-azure_v2.4.0_x5.0_linux_amd64 plugin: 2025/11/05 15:27:26 Uploading file to 'C:/Windows/Temp/packer-elevated-shell-690b6cde-5d5d-1721-b56c-0528f159040a.ps1'
[433f86e6-48d9-46b7-a7b3-aa4cacd2808b] PACKER 2025/11/05 15:27:28 packer-plugin-azure_v2.4.0_x5.0_linux_amd64 plugin: 2025/11/05 15:27:28 Uploading file to 'c:/Windows/Temp/script-690b6c06-ba97-8f7c-b677-102f81f0a345.ps1'
[433f86e6-48d9-46b7-a7b3-aa4cacd2808b] PACKER 2025/11/05 15:27:28 packer-provisioner-powershell plugin: [INFO] 8104 bytes written for 'uploadData'
[433f86e6-48d9-46b7-a7b3-aa4cacd2808b] PACKER 2025/11/05 15:27:28 [INFO] 8104 bytes written for 'uploadData'
[433f86e6-48d9-46b7-a7b3-aa4cacd2808b] PACKER 2025/11/05 15:27:31 packer-plugin-azure_v2.4.0_x5.0_linux_amd64 plugin: 2025/11/05 15:27:31 [INFO] starting remote command: powershell -executionpolicy bypass -file "C:/Windows/Temp/packer-elevated-shell-690b6cde-5d5d-1721-b56c-0528f159040a.ps1"
[433f86e6-48d9-46b7-a7b3-aa4cacd2808b] PACKER 2025/11/05 15:27:34 ui: ==> azure-arm: Checking if Windows Package Manager (winget) is available...
[433f86e6-48d9-46b7-a7b3-aa4cacd2808b] PACKER 2025/11/05 15:27:38 ui: ==> azure-arm: winget is not available. Installing Windows Package Manager...
[433f86e6-48d9-46b7-a7b3-aa4cacd2808b] PACKER 2025/11/05 15:27:38 ui: ==> azure-arm: Attempting to install via Microsoft Store (App Installer)...
[433f86e6-48d9-46b7-a7b3-aa4cacd2808b] PACKER 2025/11/05 15:27:40 ui: ==> azure-arm: Microsoft Store is available. Attempting to install App Installer...
[433f86e6-48d9-46b7-a7b3-aa4cacd2808b] PACKER 2025/11/05 15:27:41 ui: ==> azure-arm: WARNING: Failed to install via Microsoft Store: This command cannot be run due to the error: The operation attempted is
[433f86e6-48d9-46b7-a7b3-aa4cacd2808b] PACKER 2025/11/05 15:27:41 ui: ==> azure-arm:  not supported.
[433f86e6-48d9-46b7-a7b3-aa4cacd2808b] PACKER 2025/11/05 15:27:41 ui: ==> azure-arm: Attempting direct download and installation of App Installer...
[433f86e6-48d9-46b7-a7b3-aa4cacd2808b] PACKER 2025/11/05 15:27:41 ui: ==> azure-arm: Downloading App Installer...
[433f86e6-48d9-46b7-a7b3-aa4cacd2808b] PACKER 2025/11/05 15:27:41 ui: ==> azure-arm: Attempting download from: https://aka.ms/getwinget
[433f86e6-48d9-46b7-a7b3-aa4cacd2808b] PACKER 2025/11/05 15:27:43 ui: ==> azure-arm: Download completed successfully from primary URL.
[433f86e6-48d9-46b7-a7b3-aa4cacd2808b] PACKER 2025/11/05 15:27:43 ui: ==> azure-arm: Installing App Installer package...
[433f86e6-48d9-46b7-a7b3-aa4cacd2808b] PACKER 2025/11/05 15:27:48 packer-plugin-azure_v2.4.0_x5.0_linux_amd64 plugin: 2025/11/05 15:27:48 [INFO] command 'powershell -executionpolicy bypass -file "C:/Windows/Temp/packer-elevated-shell-690b6cde-5d5d-1721-b56c-0528f159040a.ps1"' exited with code: 1
[433f86e6-48d9-46b7-a7b3-aa4cacd2808b] PACKER 2025/11/05 15:27:48 packer-plugin-azure_v2.4.0_x5.0_linux_amd64 plugin: 2025/11/05 15:27:48 [INFO] RPC endpoint: Communicator ended with: 1
[433f86e6-48d9-46b7-a7b3-aa4cacd2808b] PACKER 2025/11/05 15:27:48 [INFO] 2296 bytes written for 'stdout'
[433f86e6-48d9-46b7-a7b3-aa4cacd2808b] PACKER 2025/11/05 15:27:48 [INFO] 0 bytes written for 'stderr'
[433f86e6-48d9-46b7-a7b3-aa4cacd2808b] PACKER 2025/11/05 15:27:48 [INFO] RPC client: Communicator ended with: 1
[433f86e6-48d9-46b7-a7b3-aa4cacd2808b] PACKER 2025/11/05 15:27:48 [INFO] RPC endpoint: Communicator ended with: 1
[433f86e6-48d9-46b7-a7b3-aa4cacd2808b] PACKER 2025/11/05 15:27:48 ui: ==> azure-arm: C:\Windows\Temp\script-690b6c06-ba97-8f7c-b677-102f81f0a345.ps1 : Failed to install App Installer package: Deployment
[433f86e6-48d9-46b7-a7b3-aa4cacd2808b] PACKER 2025/11/05 15:27:48 packer-provisioner-powershell plugin: [INFO] 2296 bytes written for 'stdout'
[433f86e6-48d9-46b7-a7b3-aa4cacd2808b] PACKER 2025/11/05 15:27:48 packer-provisioner-powershell plugin: [INFO] 0 bytes written for 'stderr'
[433f86e6-48d9-46b7-a7b3-aa4cacd2808b] PACKER 2025/11/05 15:27:48 packer-provisioner-powershell plugin: [INFO] RPC client: Communicator ended with: 1
[433f86e6-48d9-46b7-a7b3-aa4cacd2808b] PACKER 2025/11/05 15:27:48 ui: ==> azure-arm: failed with HRESULT: 0x80073CF9, Install failed. Please contact your software vendor. (Exception from HRESULT:
[433f86e6-48d9-46b7-a7b3-aa4cacd2808b] PACKER 2025/11/05 15:27:48 ui: ==> azure-arm: 0x80073CF9)
[433f86e6-48d9-46b7-a7b3-aa4cacd2808b] PACKER 2025/11/05 15:27:48 ui: ==> azure-arm: Deployment Add operation rejected on package Microsoft.DesktopAppInstaller_2025.1021.1948.0_neutral_~_8wekyb3d8bbwe
[433f86e6-48d9-46b7-a7b3-aa4cacd2808b] PACKER 2025/11/05 15:27:48 ui: ==> azure-arm: from: Microsoft.DesktopAppInstaller_8wekyb3d8bbwe.msixbundle install request because the Local System account is not
[433f86e6-48d9-46b7-a7b3-aa4cacd2808b] PACKER 2025/11/05 15:27:48 ui: ==> azure-arm: allowed to perform this operation.
[433f86e6-48d9-46b7-a7b3-aa4cacd2808b] PACKER 2025/11/05 15:27:48 ui: ==> azure-arm: NOTE: For additional information, look for [ActivityId] 1e173b13-f6b8-0001-e135-c252684edc01 in the Event Log or use
[433f86e6-48d9-46b7-a7b3-aa4cacd2808b] PACKER 2025/11/05 15:27:48 ui: ==> azure-arm: the command line Get-AppPackageLog -ActivityID 1e173b13-f6b8-0001-e135-c252684edc01
[433f86e6-48d9-46b7-a7b3-aa4cacd2808b] PACKER 2025/11/05 15:27:48 ui: ==> azure-arm: At line:1 char:215
[433f86e6-48d9-46b7-a7b3-aa4cacd2808b] PACKER 2025/11/05 15:27:48 ui: ==> azure-arm: + ... bf34b6.ps1; &'c:/Windows/Temp/script-690b6c06-ba97-8f7c-b677-102f81f0 ...
[433f86e6-48d9-46b7-a7b3-aa4cacd2808b] PACKER 2025/11/05 15:27:48 ui: ==> azure-arm: +                 ~~~~~~~~~~~~~~~~~~~~~~~~~~~~~~~~~~~~~~~~~~~~~~~~~~~~~~~~~
[433f86e6-48d9-46b7-a7b3-aa4cacd2808b] PACKER 2025/11/05 15:27:48 ui: ==> azure-arm:     + CategoryInfo          : NotSpecified: (:) [Write-Error], WriteErrorException
[433f86e6-48d9-46b7-a7b3-aa4cacd2808b] PACKER 2025/11/05 15:27:48 ui: ==> azure-arm:     + FullyQualifiedErrorId : Microsoft.PowerShell.Commands.WriteErrorException,script-690b6c06-ba97-8f7c-b677-102f81f
[433f86e6-48d9-46b7-a7b3-aa4cacd2808b] PACKER 2025/11/05 15:27:48 ui: ==> azure-arm:    0a345.ps1
[433f86e6-48d9-46b7-a7b3-aa4cacd2808b] PACKER 2025/11/05 15:27:48 ui: ==> azure-arm:
[433f86e6-48d9-46b7-a7b3-aa4cacd2808b] PACKER 2025/11/05 15:27:48 ui: ==> azure-arm: C:\Windows\Temp\script-690b6c06-ba97-8f7c-b677-102f81f0a345.ps1 : You may need to manually install App Installer from
[433f86e6-48d9-46b7-a7b3-aa4cacd2808b] PACKER 2025/11/05 15:27:48 ui: ==> azure-arm: the Microsoft Store.
[433f86e6-48d9-46b7-a7b3-aa4cacd2808b] PACKER 2025/11/05 15:27:48 ui: ==> azure-arm: At line:1 char:215
[433f86e6-48d9-46b7-a7b3-aa4cacd2808b] PACKER 2025/11/05 15:27:48 ui: ==> azure-arm: + ... bf34b6.ps1; &'c:/Windows/Temp/script-690b6c06-ba97-8f7c-b677-102f81f0 ...
[433f86e6-48d9-46b7-a7b3-aa4cacd2808b] PACKER 2025/11/05 15:27:48 ui: ==> azure-arm: +                 ~~~~~~~~~~~~~~~~~~~~~~~~~~~~~~~~~~~~~~~~~~~~~~~~~~~~~~~~~
[433f86e6-48d9-46b7-a7b3-aa4cacd2808b] PACKER 2025/11/05 15:27:48 ui: ==> azure-arm:     + CategoryInfo          : NotSpecified: (:) [Write-Error], WriteErrorException
[433f86e6-48d9-46b7-a7b3-aa4cacd2808b] PACKER 2025/11/05 15:27:48 ui: ==> azure-arm:     + FullyQualifiedErrorId : Microsoft.PowerShell.Commands.WriteErrorException,script-690b6c06-ba97-8f7c-b677-102f81f
[433f86e6-48d9-46b7-a7b3-aa4cacd2808b] PACKER 2025/11/05 15:27:48 ui: ==> azure-arm:    0a345.ps1
[433f86e6-48d9-46b7-a7b3-aa4cacd2808b] PACKER 2025/11/05 15:27:48 ui: ==> azure-arm:
[433f86e6-48d9-46b7-a7b3-aa4cacd2808b] PACKER 2025/11/05 15:27:48 packer-provisioner-powershell plugin: c:/Windows/Temp/script-690b6c06-ba97-8f7c-b677-102f81f0a345.ps1 returned with exit code 1
[433f86e6-48d9-46b7-a7b3-aa4cacd2808b] PACKER 2025/11/05 15:27:48 ui: ==> azure-arm: Provisioning step had errors: Running the cleanup provisioner, if present...
[433f86e6-48d9-46b7-a7b3-aa4cacd2808b] PACKER 2025/11/05 15:27:48 ui: ==> azure-arm: 
[433f86e6-48d9-46b7-a7b3-aa4cacd2808b] PACKER ==> azure-arm: Deleting Virtual Machine deployment and its attached resources...
[433f86e6-48d9-46b7-a7b3-aa4cacd2808b] PACKER 2025/11/05 15:27:48 packer-plugin-azure_v2.4.0_x5.0_linux_amd64 plugin: 2025/11/05 15:27:48 [DEBUG] GET https://management.azure.com/subscriptions/fb8c75fd-6b99-44d1-b127-06b4c3e4c816/resourceGroups/IT_AzureBackupRG_uksouth_1_AVD-GoldenImage-_e9726c06-7134-4d52-928a-6181b147107d/providers/Microsoft.Compute/virtualMachines/pkrvmxxgdhh3cg5?[REDACTED]
[433f86e6-48d9-46b7-a7b3-aa4cacd2808b] PACKER 2025/11/05 15:27:48 packer-plugin-azure_v2.4.0_x5.0_linux_amd64 plugin: 2025/11/05 15:27:48 [DEBUG] GET https://management.azure.com/subscriptions/fb8c75fd-6b99-44d1-b127-06b4c3e4c816/resourceGroups/IT_AzureBackupRG_uksouth_1_AVD-GoldenImage-_e9726c06-7134-4d52-928a-6181b147107d/deployments/pkrdpxxgdhh3cg5/operations?[REDACTED]
[433f86e6-48d9-46b7-a7b3-aa4cacd2808b] PACKER 2025/11/05 15:27:48 packer-plugin-azure_v2.4.0_x5.0_linux_amd64 plugin: 2025/11/05 15:27:48 [INFO] Attempting deletion -> pkrvmxxgdhh3cg5 : Microsoft.Compute/virtualMachines
[433f86e6-48d9-46b7-a7b3-aa4cacd2808b] PACKER 2025/11/05 15:27:48 packer-plugin-azure_v2.4.0_x5.0_linux_amd64 plugin: 2025/11/05 15:27:48 [DEBUG] DELETE https://management.azure.com/subscriptions/fb8c75fd-6b99-44d1-b127-06b4c3e4c816/resourceGroups/IT_AzureBackupRG_uksouth_1_AVD-GoldenImage-_e9726c06-7134-4d52-928a-6181b147107d/providers/Microsoft.Compute/virtualMachines/pkrvmxxgdhh3cg5?[REDACTED]
[433f86e6-48d9-46b7-a7b3-aa4cacd2808b] PACKER 2025/11/05 15:27:58 packer-plugin-azure_v2.4.0_x5.0_linux_amd64 plugin: 2025/11/05 15:27:58 [DEBUG] GET https://management.azure.com/subscriptions/fb8c75fd-6b99-44d1-b127-06b4c3e4c816/resourceGroups/IT_AzureBackupRG_uksouth_1_AVD-GoldenImage-_e9726c06-7134-4d52-928a-6181b147107d/providers/Microsoft.Compute/virtualMachines/pkrvmxxgdhh3cg5?[REDACTED]
[433f86e6-48d9-46b7-a7b3-aa4cacd2808b] PACKER 2025/11/05 15:28:08 packer-plugin-azure_v2.4.0_x5.0_linux_amd64 plugin: 2025/11/05 15:28:08 [DEBUG] GET https://management.azure.com/subscriptions/fb8c75fd-6b99-44d1-b127-06b4c3e4c816/resourceGroups/IT_AzureBackupRG_uksouth_1_AVD-GoldenImage-_e9726c06-7134-4d52-928a-6181b147107d/providers/Microsoft.Compute/virtualMachines/pkrvmxxgdhh3cg5?[REDACTED]
[433f86e6-48d9-46b7-a7b3-aa4cacd2808b] PACKER 2025/11/05 15:28:09 ui: ==> azure-arm: Deleted -> pkrvmxxgdhh3cg5 : 'Microsoft.Compute/virtualMachines'
[433f86e6-48d9-46b7-a7b3-aa4cacd2808b] PACKER 2025/11/05 15:28:09 packer-plugin-azure_v2.4.0_x5.0_linux_amd64 plugin: 2025/11/05 15:28:09 [INFO] Attempting deletion -> pkrnixxgdhh3cg5 : Microsoft.Network/networkInterfaces
[433f86e6-48d9-46b7-a7b3-aa4cacd2808b] PACKER 2025/11/05 15:28:09 packer-plugin-azure_v2.4.0_x5.0_linux_amd64 plugin: 2025/11/05 15:28:09 [DEBUG] DELETE https://management.azure.com/subscriptions/fb8c75fd-6b99-44d1-b127-06b4c3e4c816/resourceGroups/IT_AzureBackupRG_uksouth_1_AVD-GoldenImage-_e9726c06-7134-4d52-928a-6181b147107d/providers/Microsoft.Network/networkInterfaces/pkrnixxgdhh3cg5?[REDACTED]
[433f86e6-48d9-46b7-a7b3-aa4cacd2808b] PACKER 2025/11/05 15:28:19 packer-plugin-azure_v2.4.0_x5.0_linux_amd64 plugin: 2025/11/05 15:28:19 [DEBUG] GET https://management.azure.com/subscriptions/fb8c75fd-6b99-44d1-b127-06b4c3e4c816/resourceGroups/IT_AzureBackupRG_uksouth_1_AVD-GoldenImage-_e9726c06-7134-4d52-928a-6181b147107d/providers/Microsoft.Network/networkInterfaces/pkrnixxgdhh3cg5?[REDACTED]
[433f86e6-48d9-46b7-a7b3-aa4cacd2808b] PACKER 2025/11/05 15:28:19 ui: ==> azure-arm: Deleted -> pkrnixxgdhh3cg5 : 'Microsoft.Network/networkInterfaces'
[433f86e6-48d9-46b7-a7b3-aa4cacd2808b] PACKER 2025/11/05 15:28:19 packer-plugin-azure_v2.4.0_x5.0_linux_amd64 plugin: 2025/11/05 15:28:19 [DEBUG] DELETE https://management.azure.com/subscriptions/fb8c75fd-6b99-44d1-b127-06b4c3e4c816/resourceGroups/IT_AzureBackupRG_uksouth_1_AVD-GoldenImage-_e9726c06-7134-4d52-928a-6181b147107d/providers/Microsoft.Compute/disks/pkrosxxgdhh3cg5?[REDACTED]
[433f86e6-48d9-46b7-a7b3-aa4cacd2808b] PACKER 2025/11/05 15:28:29 packer-plugin-azure_v2.4.0_x5.0_linux_amd64 plugin: 2025/11/05 15:28:29 [DEBUG] GET https://management.azure.com/subscriptions/fb8c75fd-6b99-44d1-b127-06b4c3e4c816/resourceGroups/IT_AzureBackupRG_uksouth_1_AVD-GoldenImage-_e9726c06-7134-4d52-928a-6181b147107d/providers/Microsoft.Compute/disks/pkrosxxgdhh3cg5?[REDACTED]
[433f86e6-48d9-46b7-a7b3-aa4cacd2808b] PACKER 2025/11/05 15:28:29 ui: ==> azure-arm: Deleted -> Microsoft.Compute/disks : '/subscriptions/fb8c75fd-6b99-44d1-b127-06b4c3e4c816/resourceGroups/IT_AzureBackupRG_uksouth_1_AVD-GoldenImage-_e9726c06-7134-4d52-928a-6181b147107d/providers/Microsoft.Compute/disks/pkrosxxgdhh3cg5'
[433f86e6-48d9-46b7-a7b3-aa4cacd2808b] PACKER 2025/11/05 15:28:29 ui: ==> azure-arm: Removing the created Deployment object: 'pkrdpxxgdhh3cg5'
[433f86e6-48d9-46b7-a7b3-aa4cacd2808b] PACKER 2025/11/05 15:28:29 packer-plugin-azure_v2.4.0_x5.0_linux_amd64 plugin: 2025/11/05 15:28:29 [DEBUG] DELETE https://management.azure.com/subscriptions/fb8c75fd-6b99-44d1-b127-06b4c3e4c816/resourceGroups/IT_AzureBackupRG_uksouth_1_AVD-GoldenImage-_e9726c06-7134-4d52-928a-6181b147107d/providers/Microsoft.Resources/deployments/pkrdpxxgdhh3cg5?[REDACTED]
[433f86e6-48d9-46b7-a7b3-aa4cacd2808b] PACKER 2025/11/05 15:28:40 packer-plugin-azure_v2.4.0_x5.0_linux_amd64 plugin: 2025/11/05 15:28:40 [DEBUG] GET https://management.azure.com/subscriptions/fb8c75fd-6b99-44d1-b127-06b4c3e4c816/resourceGroups/IT_AzureBackupRG_uksouth_1_AVD-GoldenImage-_e9726c06-7134-4d52-928a-6181b147107d/providers/Microsoft.Resources/deployments/pkrdpxxgdhh3cg5?[REDACTED]
[433f86e6-48d9-46b7-a7b3-aa4cacd2808b] PACKER 2025/11/05 15:28:40 ui: ==> azure-arm: 
[433f86e6-48d9-46b7-a7b3-aa4cacd2808b] PACKER ==> azure-arm: Deleting KeyVault created during build
[433f86e6-48d9-46b7-a7b3-aa4cacd2808b] PACKER 2025/11/05 15:28:40 packer-plugin-azure_v2.4.0_x5.0_linux_amd64 plugin: 2025/11/05 15:28:40 [DEBUG] GET https://management.azure.com/subscriptions/fb8c75fd-6b99-44d1-b127-06b4c3e4c816/resourceGroups/IT_AzureBackupRG_uksouth_1_AVD-GoldenImage-_e9726c06-7134-4d52-928a-6181b147107d/deployments/kvpkrdpxxgdhh3cg5/operations?[REDACTED]
[433f86e6-48d9-46b7-a7b3-aa4cacd2808b] PACKER 2025/11/05 15:28:40 packer-plugin-azure_v2.4.0_x5.0_linux_amd64 plugin: 2025/11/05 15:28:40 [INFO] Attempting deletion -> pkrkvxxgdhh3cg5 : Microsoft.KeyVault/vaults
[433f86e6-48d9-46b7-a7b3-aa4cacd2808b] PACKER 2025/11/05 15:28:40 packer-plugin-azure_v2.4.0_x5.0_linux_amd64 plugin: 2025/11/05 15:28:40 [DEBUG] DELETE https://management.azure.com/subscriptions/fb8c75fd-6b99-44d1-b127-06b4c3e4c816/resourceGroups/IT_AzureBackupRG_uksouth_1_AVD-GoldenImage-_e9726c06-7134-4d52-928a-6181b147107d/providers/Microsoft.KeyVault/vaults/pkrkvxxgdhh3cg5?[REDACTED]
[433f86e6-48d9-46b7-a7b3-aa4cacd2808b] PACKER 2025/11/05 15:28:42 ui: ==> azure-arm: Deleted -> pkrkvxxgdhh3cg5 : 'Microsoft.KeyVault/vaults'
[433f86e6-48d9-46b7-a7b3-aa4cacd2808b] PACKER 2025/11/05 15:28:42 ui: ==> azure-arm: Removing the created Deployment object: 'kvpkrdpxxgdhh3cg5'
[433f86e6-48d9-46b7-a7b3-aa4cacd2808b] PACKER 2025/11/05 15:28:42 packer-plugin-azure_v2.4.0_x5.0_linux_amd64 plugin: 2025/11/05 15:28:42 [DEBUG] DELETE https://management.azure.com/subscriptions/fb8c75fd-6b99-44d1-b127-06b4c3e4c816/resourceGroups/IT_AzureBackupRG_uksouth_1_AVD-GoldenImage-_e9726c06-7134-4d52-928a-6181b147107d/providers/Microsoft.Resources/deployments/kvpkrdpxxgdhh3cg5?[REDACTED]
[433f86e6-48d9-46b7-a7b3-aa4cacd2808b] PACKER 2025/11/05 15:28:53 packer-plugin-azure_v2.4.0_x5.0_linux_amd64 plugin: 2025/11/05 15:28:53 [DEBUG] GET https://management.azure.com/subscriptions/fb8c75fd-6b99-44d1-b127-06b4c3e4c816/resourceGroups/IT_AzureBackupRG_uksouth_1_AVD-GoldenImage-_e9726c06-7134-4d52-928a-6181b147107d/providers/Microsoft.Resources/deployments/kvpkrdpxxgdhh3cg5?[REDACTED]
[433f86e6-48d9-46b7-a7b3-aa4cacd2808b] PACKER 2025/11/05 15:28:53 ui: ==> azure-arm: 
[433f86e6-48d9-46b7-a7b3-aa4cacd2808b] PACKER ==> azure-arm: The resource group was not created by Packer, not deleting ...
[433f86e6-48d9-46b7-a7b3-aa4cacd2808b] PACKER 2025/11/05 15:28:53 ui error: Build 'azure-arm' errored after 5 minutes 2 seconds: Script exited with non-zero exit status: 1. Allowed exit codes are: [0]
[433f86e6-48d9-46b7-a7b3-aa4cacd2808b] PACKER 2025/11/05 15:28:53 ui: 
[433f86e6-48d9-46b7-a7b3-aa4cacd2808b] PACKER ==> Wait completed after 5 minutes 2 seconds
[433f86e6-48d9-46b7-a7b3-aa4cacd2808b] PACKER 2025/11/05 15:28:53 machine readable: error-count []string{"1"}
[433f86e6-48d9-46b7-a7b3-aa4cacd2808b] PACKER 2025/11/05 15:28:53 ui error: 
[433f86e6-48d9-46b7-a7b3-aa4cacd2808b] PACKER ==> Some builds didn't complete successfully and had errors:
[433f86e6-48d9-46b7-a7b3-aa4cacd2808b] PACKER 2025/11/05 15:28:53 machine readable: azure-arm,error []string{"Script exited with non-zero exit status: 1. Allowed exit codes are: [0]"}
[433f86e6-48d9-46b7-a7b3-aa4cacd2808b] PACKER 2025/11/05 15:28:53 ui error: --> azure-arm: Script exited with non-zero exit status: 1. Allowed exit codes are: [0]
[433f86e6-48d9-46b7-a7b3-aa4cacd2808b] PACKER 2025/11/05 15:28:53 ui: 
[433f86e6-48d9-46b7-a7b3-aa4cacd2808b] PACKER ==> Builds finished but no artifacts were created.
[433f86e6-48d9-46b7-a7b3-aa4cacd2808b] PACKER 2025/11/05 15:28:53 waiting for all plugin processes to complete...
[433f86e6-48d9-46b7-a7b3-aa4cacd2808b] PACKER 2025/11/05 15:28:53 /aib/packerInput/packer: plugin process exited
[433f86e6-48d9-46b7-a7b3-aa4cacd2808b] PACKER 2025/11/05 15:28:53 /aib/packerInput/packer: plugin process exited
[433f86e6-48d9-46b7-a7b3-aa4cacd2808b] PACKER 2025/11/05 15:28:53 /aib/packerInput/packer: plugin process exited
[433f86e6-48d9-46b7-a7b3-aa4cacd2808b] PACKER 2025/11/05 15:28:53 /root/.config/packer/plugins/github.com/hashicorp/azure/packer-plugin-azure_v2.4.0_x5.0_linux_amd64: plugin process exited
[433f86e6-48d9-46b7-a7b3-aa4cacd2808b] PACKER 2025/11/05 15:28:53 /aib/packerInput/packer: plugin process exited
[433f86e6-48d9-46b7-a7b3-aa4cacd2808b] PACKER 2025/11/05 15:28:53 /aib/packerInput/packer: plugin process exited
[433f86e6-48d9-46b7-a7b3-aa4cacd2808b] PACKER Done exporting Packer logs to Azure Storage.
